\BOOKMARK [1][-]{section*.2}{Introducci\363n}{}% 1
\BOOKMARK [0][-]{chapter.1}{Modelo de sistema de comunicaci\363n}{}% 2
\BOOKMARK [0][-]{chapter.2}{Caracterizaci\363n de se\361ales}{}% 3
\BOOKMARK [1][-]{section.2.1}{Representaciones logar\355tmicas}{chapter.2}% 4
\BOOKMARK [1][-]{section.2.2}{Caracterizaci\363n Temporal}{chapter.2}% 5
\BOOKMARK [1][-]{section.2.3}{Caracterizaci\363n Espectral}{chapter.2}% 6
\BOOKMARK [1][-]{section.2.4}{Se\361ales habituales}{chapter.2}% 7
\BOOKMARK [0][-]{chapter.3}{Ruido t\351rmico}{}% 8
\BOOKMARK [1][-]{section.3.1}{Caracterizaci\363n del ruido t\351rmico}{chapter.3}% 9
\BOOKMARK [1][-]{section.3.2}{Caracterizaci\363n del ruido en cuadripolos y dipolos}{chapter.3}% 10
\BOOKMARK [1][-]{section.3.3}{F\363rmula de Fris}{chapter.3}% 11
\BOOKMARK [1][-]{section.3.4}{Modelo de un Analizador de Espectros}{chapter.3}% 12
\BOOKMARK [0][-]{chapter.4}{Distorsi\363n}{}% 13
\BOOKMARK [1][-]{section.4.1}{Tipos de distorsi\363n}{chapter.4}% 14
\BOOKMARK [1][-]{section.4.2}{Distorsi\363n lineal}{chapter.4}% 15
\BOOKMARK [1][-]{section.4.3}{Distorsi\363n no lineal}{chapter.4}% 16
\BOOKMARK [0][-]{chapter.5}{Modulaciones anal\363gicas}{}% 17
\BOOKMARK [1][-]{section.5.1}{Concepto de modulaci\363n y tipos}{chapter.5}% 18
\BOOKMARK [1][-]{section.5.2}{Modulaciones lineales: AM, DBL}{chapter.5}% 19
\BOOKMARK [1][-]{section.5.3}{Modulaciones angulares: FM}{chapter.5}% 20
\BOOKMARK [1][-]{section.5.4}{Calidad}{chapter.5}% 21
\BOOKMARK [0][-]{chapter.6}{Conversi\363n A/D y codificaci\363n PCM}{}% 22
\BOOKMARK [1][-]{section.6.1}{Elementos de un sistema de comunicaciones digitales}{chapter.6}% 23
\BOOKMARK [1][-]{section.6.2}{Conversi\363n A/D}{chapter.6}% 24
\BOOKMARK [1][-]{section.6.3}{Cuatificaci\363n uniforme y no uniforme}{chapter.6}% 25
\BOOKMARK [1][-]{section.6.4}{Multiplez por Divisi\363n en el Tiempo \(TDM\)}{chapter.6}% 26
\BOOKMARK [0][-]{chapter.7}{Transmisi\363n digital por canales de ancho de banda limitado}{}% 27
\BOOKMARK [1][-]{section.7.1}{Modelo de Transmisi\363n Digital}{chapter.7}% 28
\BOOKMARK [1][-]{section.7.2}{Ancho de banda de se\361ales banda base}{chapter.7}% 29
\BOOKMARK [1][-]{section.7.3}{Interferencia entre s\355mbolos \(ISI\)}{chapter.7}% 30
\BOOKMARK [1][-]{section.7.4}{Criterio de Nyquist}{chapter.7}% 31
\BOOKMARK [1][-]{section.7.5}{Filtrado en coseno alzado}{chapter.7}% 32
\BOOKMARK [1][-]{section.7.6}{Diagrama de ojos}{chapter.7}% 33
\BOOKMARK [1][-]{section.7.7}{C\363digos de l\355nea}{chapter.7}% 34
\BOOKMARK [0][-]{chapter.8}{Transmisi\363n digital banda base con ruido}{}% 35
\BOOKMARK [1][-]{section.8.1}{Representaci\363n geom\351trica de se\361ales}{chapter.8}% 36
\BOOKMARK [1][-]{section.8.2}{Implementaciones del receptor: correlador, filtro atrapado}{chapter.8}% 37
\BOOKMARK [1][-]{section.8.3}{Teor\355a de la Detecci\363n \(receptor binario \363ptimo\)}{chapter.8}% 38
\BOOKMARK [1][-]{section.8.4}{Probabilidad de error en sistemas binarios}{chapter.8}% 39
\BOOKMARK [1][-]{section.8.5}{Ejemplos de expresiones de probabilidad de error para varias se\361alizaciones binarias}{chapter.8}% 40
\BOOKMARK [0][-]{chapter.9}{Modulaciones digitales}{}% 41
\BOOKMARK [1][-]{section.9.1}{Modulaciones lineales. F\363rmulas b\341sicas}{chapter.9}% 42
\BOOKMARK [1][-]{section.9.2}{ASK}{chapter.9}% 43
\BOOKMARK [1][-]{section.9.3}{PSK}{chapter.9}% 44
\BOOKMARK [1][-]{section.9.4}{QAM y APK}{chapter.9}% 45
\BOOKMARK [1][-]{section.9.5}{FSK}{chapter.9}% 46
\BOOKMARK [1][-]{section.9.6}{Comparaci\363n entre modulaciones digitales}{chapter.9}% 47
