This is pdfTeX, Version 3.14159265-2.6-1.40.21 (TeX Live 2020/W32TeX) (preloaded format=pdflatex 2020.6.9)  13 JAN 2021 02:21
entering extended mode
 restricted \write18 enabled.
 file:line:error style messages enabled.
 %&-line parsing enabled.
**c:/Users/Home/Desktop/LaTeX/Estadistica_y_Procesos_Estocasticos/Estadistica_y_Procesos_Estocasticos
(c:/Users/Home/Desktop/LaTeX/Estadistica_y_Procesos_Estocasticos/Estadistica_y_Procesos_Estocasticos.tex
LaTeX2e <2020-02-02> patch level 5
L3 programming layer <2020-06-03> (c:/texlive/2020/texmf-dist/tex/latex/base/book.cls
Document Class: book 2019/12/20 v1.4l Standard LaTeX document class
(c:/texlive/2020/texmf-dist/tex/latex/base/bk10.clo
File: bk10.clo 2019/12/20 v1.4l Standard LaTeX file (size option)
)
\c@part=\count167
\c@chapter=\count168
\c@section=\count169
\c@subsection=\count170
\c@subsubsection=\count171
\c@paragraph=\count172
\c@subparagraph=\count173
\c@figure=\count174
\c@table=\count175
\abovecaptionskip=\skip47
\belowcaptionskip=\skip48
\bibindent=\dimen134
) (c:/texlive/2020/texmf-dist/tex/latex/lm/lmodern.sty
Package: lmodern 2009/10/30 v1.6 Latin Modern Fonts
LaTeX Font Info:    Overwriting symbol font `operators' in version `normal'
(Font)                  OT1/cmr/m/n --> OT1/lmr/m/n on input line 22.
LaTeX Font Info:    Overwriting symbol font `letters' in version `normal'
(Font)                  OML/cmm/m/it --> OML/lmm/m/it on input line 23.
LaTeX Font Info:    Overwriting symbol font `symbols' in version `normal'
(Font)                  OMS/cmsy/m/n --> OMS/lmsy/m/n on input line 24.
LaTeX Font Info:    Overwriting symbol font `largesymbols' in version `normal'
(Font)                  OMX/cmex/m/n --> OMX/lmex/m/n on input line 25.
LaTeX Font Info:    Overwriting symbol font `operators' in version `bold'
(Font)                  OT1/cmr/bx/n --> OT1/lmr/bx/n on input line 26.
LaTeX Font Info:    Overwriting symbol font `letters' in version `bold'
(Font)                  OML/cmm/b/it --> OML/lmm/b/it on input line 27.
LaTeX Font Info:    Overwriting symbol font `symbols' in version `bold'
(Font)                  OMS/cmsy/b/n --> OMS/lmsy/b/n on input line 28.
LaTeX Font Info:    Overwriting symbol font `largesymbols' in version `bold'
(Font)                  OMX/cmex/m/n --> OMX/lmex/m/n on input line 29.
LaTeX Font Info:    Overwriting math alphabet `\mathbf' in version `normal'
(Font)                  OT1/cmr/bx/n --> OT1/lmr/bx/n on input line 31.
LaTeX Font Info:    Overwriting math alphabet `\mathsf' in version `normal'
(Font)                  OT1/cmss/m/n --> OT1/lmss/m/n on input line 32.
LaTeX Font Info:    Overwriting math alphabet `\mathit' in version `normal'
(Font)                  OT1/cmr/m/it --> OT1/lmr/m/it on input line 33.
LaTeX Font Info:    Overwriting math alphabet `\mathtt' in version `normal'
(Font)                  OT1/cmtt/m/n --> OT1/lmtt/m/n on input line 34.
LaTeX Font Info:    Overwriting math alphabet `\mathbf' in version `bold'
(Font)                  OT1/cmr/bx/n --> OT1/lmr/bx/n on input line 35.
LaTeX Font Info:    Overwriting math alphabet `\mathsf' in version `bold'
(Font)                  OT1/cmss/bx/n --> OT1/lmss/bx/n on input line 36.
LaTeX Font Info:    Overwriting math alphabet `\mathit' in version `bold'
(Font)                  OT1/cmr/bx/it --> OT1/lmr/bx/it on input line 37.
LaTeX Font Info:    Overwriting math alphabet `\mathtt' in version `bold'
(Font)                  OT1/cmtt/m/n --> OT1/lmtt/m/n on input line 38.
) (c:/texlive/2020/texmf-dist/tex/latex/base/inputenc.sty
Package: inputenc 2018/08/11 v1.3c Input encoding file
\inpenc@prehook=\toks15
\inpenc@posthook=\toks16
) (c:/texlive/2020/texmf-dist/tex/generic/babel/babel.sty
Package: babel 2020/05/13 3.44 The Babel package
 (c:/texlive/2020/texmf-dist/tex/generic/babel/babel.def
File: babel.def 2020/05/13 3.44 Babel common definitions
\babel@savecnt=\count176
\U@D=\dimen135
\l@babelnohyphens=\language86
 (c:/texlive/2020/texmf-dist/tex/generic/babel/txtbabel.def)
\bbl@readstream=\read2
)
\bbl@dirlevel=\count177
 (c:/texlive/2020/texmf-dist/tex/generic/babel-greek/greek.ldf
Language: greek 2020/03/17 v1.9j Greek support for the babel system
\bbl@monogreek=\count178
\bbl@polygreek=\count179
\bbl@ancientgreek=\count180
 (c:/texlive/2020/texmf-dist/tex/latex/greek-fontenc/lgrenc.def
File: lgrenc.def 2019/07/09 v0.13.3 LGR Greek font encoding definitions
Now handling font encoding LGR ...
... processing UTF-8 mapping file for font encoding LGR
 (c:/texlive/2020/texmf-dist/tex/latex/greek-inputenc/lgrenc.dfu
File: lgrenc.dfu 2019/07/11 1.7 UTF-8 support for Greek
   defining Unicode char U+00A8 (decimal 168)
   defining Unicode char U+00AB (decimal 171)
   defining Unicode char U+00AF (decimal 175)
   defining Unicode char U+00B4 (decimal 180)
   defining Unicode char U+00B7 (decimal 183)
   defining Unicode char U+00BB (decimal 187)
   defining Unicode char U+0259 (decimal 601)
   defining Unicode char U+02D8 (decimal 728)
   defining Unicode char U+0374 (decimal 884)
   defining Unicode char U+0375 (decimal 885)
   defining Unicode char U+037A (decimal 890)
   defining Unicode char U+037E (decimal 894)
   defining Unicode char U+0384 (decimal 900)
   defining Unicode char U+0385 (decimal 901)
   defining Unicode char U+0386 (decimal 902)
   defining Unicode char U+0387 (decimal 903)
   defining Unicode char U+0388 (decimal 904)
   defining Unicode char U+0389 (decimal 905)
   defining Unicode char U+038A (decimal 906)
   defining Unicode char U+038C (decimal 908)
   defining Unicode char U+038E (decimal 910)
   defining Unicode char U+038F (decimal 911)
   defining Unicode char U+0390 (decimal 912)
   defining Unicode char U+0391 (decimal 913)
   defining Unicode char U+0392 (decimal 914)
   defining Unicode char U+0393 (decimal 915)
   defining Unicode char U+0394 (decimal 916)
   defining Unicode char U+0395 (decimal 917)
   defining Unicode char U+0396 (decimal 918)
   defining Unicode char U+0397 (decimal 919)
   defining Unicode char U+0398 (decimal 920)
   defining Unicode char U+0399 (decimal 921)
   defining Unicode char U+039A (decimal 922)
   defining Unicode char U+039B (decimal 923)
   defining Unicode char U+039C (decimal 924)
   defining Unicode char U+039D (decimal 925)
   defining Unicode char U+039E (decimal 926)
   defining Unicode char U+039F (decimal 927)
   defining Unicode char U+03A0 (decimal 928)
   defining Unicode char U+03A1 (decimal 929)
   defining Unicode char U+03A3 (decimal 931)
   defining Unicode char U+03A4 (decimal 932)
   defining Unicode char U+03A5 (decimal 933)
   defining Unicode char U+03A6 (decimal 934)
   defining Unicode char U+03A7 (decimal 935)
   defining Unicode char U+03A8 (decimal 936)
   defining Unicode char U+03A9 (decimal 937)
   defining Unicode char U+03AA (decimal 938)
   defining Unicode char U+03AB (decimal 939)
   defining Unicode char U+03AC (decimal 940)
   defining Unicode char U+03AD (decimal 941)
   defining Unicode char U+03AE (decimal 942)
   defining Unicode char U+03AF (decimal 943)
   defining Unicode char U+03B0 (decimal 944)
   defining Unicode char U+03B1 (decimal 945)
   defining Unicode char U+03B2 (decimal 946)
   defining Unicode char U+03B3 (decimal 947)
   defining Unicode char U+03B4 (decimal 948)
   defining Unicode char U+03B5 (decimal 949)
   defining Unicode char U+03B6 (decimal 950)
   defining Unicode char U+03B7 (decimal 951)
   defining Unicode char U+03B8 (decimal 952)
   defining Unicode char U+03B9 (decimal 953)
   defining Unicode char U+03BA (decimal 954)
   defining Unicode char U+03BB (decimal 955)
   defining Unicode char U+03BC (decimal 956)
   defining Unicode char U+03BD (decimal 957)
   defining Unicode char U+03BE (decimal 958)
   defining Unicode char U+03BF (decimal 959)
   defining Unicode char U+03C0 (decimal 960)
   defining Unicode char U+03C1 (decimal 961)
   defining Unicode char U+03C2 (decimal 962)
   defining Unicode char U+03C3 (decimal 963)
   defining Unicode char U+03C4 (decimal 964)
   defining Unicode char U+03C5 (decimal 965)
   defining Unicode char U+03C6 (decimal 966)
   defining Unicode char U+03C7 (decimal 967)
   defining Unicode char U+03C8 (decimal 968)
   defining Unicode char U+03C9 (decimal 969)
   defining Unicode char U+03CA (decimal 970)
   defining Unicode char U+03CB (decimal 971)
   defining Unicode char U+03CC (decimal 972)
   defining Unicode char U+03CD (decimal 973)
   defining Unicode char U+03CE (decimal 974)
   defining Unicode char U+03D0 (decimal 976)
   defining Unicode char U+03D1 (decimal 977)
   defining Unicode char U+03D5 (decimal 981)
   defining Unicode char U+03D6 (decimal 982)
   defining Unicode char U+03D8 (decimal 984)
   defining Unicode char U+03D9 (decimal 985)
   defining Unicode char U+03DA (decimal 986)
   defining Unicode char U+03DB (decimal 987)
   defining Unicode char U+03DC (decimal 988)
   defining Unicode char U+03DD (decimal 989)
   defining Unicode char U+03DF (decimal 991)
   defining Unicode char U+03E0 (decimal 992)
   defining Unicode char U+03E1 (decimal 993)
   defining Unicode char U+03F0 (decimal 1008)
   defining Unicode char U+03F1 (decimal 1009)
   defining Unicode char U+03F4 (decimal 1012)
   defining Unicode char U+03F5 (decimal 1013)
   defining Unicode char U+1F00 (decimal 7936)
   defining Unicode char U+1F01 (decimal 7937)
   defining Unicode char U+1F02 (decimal 7938)
   defining Unicode char U+1F03 (decimal 7939)
   defining Unicode char U+1F04 (decimal 7940)
   defining Unicode char U+1F05 (decimal 7941)
   defining Unicode char U+1F06 (decimal 7942)
   defining Unicode char U+1F07 (decimal 7943)
   defining Unicode char U+1F08 (decimal 7944)
   defining Unicode char U+1F09 (decimal 7945)
   defining Unicode char U+1F0A (decimal 7946)
   defining Unicode char U+1F0B (decimal 7947)
   defining Unicode char U+1F0C (decimal 7948)
   defining Unicode char U+1F0D (decimal 7949)
   defining Unicode char U+1F0E (decimal 7950)
   defining Unicode char U+1F0F (decimal 7951)
   defining Unicode char U+1F10 (decimal 7952)
   defining Unicode char U+1F11 (decimal 7953)
   defining Unicode char U+1F12 (decimal 7954)
   defining Unicode char U+1F13 (decimal 7955)
   defining Unicode char U+1F14 (decimal 7956)
   defining Unicode char U+1F15 (decimal 7957)
   defining Unicode char U+1F18 (decimal 7960)
   defining Unicode char U+1F19 (decimal 7961)
   defining Unicode char U+1F1A (decimal 7962)
   defining Unicode char U+1F1B (decimal 7963)
   defining Unicode char U+1F1C (decimal 7964)
   defining Unicode char U+1F1D (decimal 7965)
   defining Unicode char U+1F20 (decimal 7968)
   defining Unicode char U+1F21 (decimal 7969)
   defining Unicode char U+1F22 (decimal 7970)
   defining Unicode char U+1F23 (decimal 7971)
   defining Unicode char U+1F24 (decimal 7972)
   defining Unicode char U+1F25 (decimal 7973)
   defining Unicode char U+1F26 (decimal 7974)
   defining Unicode char U+1F27 (decimal 7975)
   defining Unicode char U+1F28 (decimal 7976)
   defining Unicode char U+1F29 (decimal 7977)
   defining Unicode char U+1F2A (decimal 7978)
   defining Unicode char U+1F2B (decimal 7979)
   defining Unicode char U+1F2C (decimal 7980)
   defining Unicode char U+1F2D (decimal 7981)
   defining Unicode char U+1F2E (decimal 7982)
   defining Unicode char U+1F2F (decimal 7983)
   defining Unicode char U+1F30 (decimal 7984)
   defining Unicode char U+1F31 (decimal 7985)
   defining Unicode char U+1F32 (decimal 7986)
   defining Unicode char U+1F33 (decimal 7987)
   defining Unicode char U+1F34 (decimal 7988)
   defining Unicode char U+1F35 (decimal 7989)
   defining Unicode char U+1F36 (decimal 7990)
   defining Unicode char U+1F37 (decimal 7991)
   defining Unicode char U+1F38 (decimal 7992)
   defining Unicode char U+1F39 (decimal 7993)
   defining Unicode char U+1F3A (decimal 7994)
   defining Unicode char U+1F3B (decimal 7995)
   defining Unicode char U+1F3C (decimal 7996)
   defining Unicode char U+1F3D (decimal 7997)
   defining Unicode char U+1F3E (decimal 7998)
   defining Unicode char U+1F3F (decimal 7999)
   defining Unicode char U+1F40 (decimal 8000)
   defining Unicode char U+1F41 (decimal 8001)
   defining Unicode char U+1F42 (decimal 8002)
   defining Unicode char U+1F43 (decimal 8003)
   defining Unicode char U+1F44 (decimal 8004)
   defining Unicode char U+1F45 (decimal 8005)
   defining Unicode char U+1F48 (decimal 8008)
   defining Unicode char U+1F49 (decimal 8009)
   defining Unicode char U+1F4A (decimal 8010)
   defining Unicode char U+1F4B (decimal 8011)
   defining Unicode char U+1F4C (decimal 8012)
   defining Unicode char U+1F4D (decimal 8013)
   defining Unicode char U+1F50 (decimal 8016)
   defining Unicode char U+1F51 (decimal 8017)
   defining Unicode char U+1F52 (decimal 8018)
   defining Unicode char U+1F53 (decimal 8019)
   defining Unicode char U+1F54 (decimal 8020)
   defining Unicode char U+1F55 (decimal 8021)
   defining Unicode char U+1F56 (decimal 8022)
   defining Unicode char U+1F57 (decimal 8023)
   defining Unicode char U+1F59 (decimal 8025)
   defining Unicode char U+1F5B (decimal 8027)
   defining Unicode char U+1F5D (decimal 8029)
   defining Unicode char U+1F5F (decimal 8031)
   defining Unicode char U+1F60 (decimal 8032)
   defining Unicode char U+1F61 (decimal 8033)
   defining Unicode char U+1F62 (decimal 8034)
   defining Unicode char U+1F63 (decimal 8035)
   defining Unicode char U+1F64 (decimal 8036)
   defining Unicode char U+1F65 (decimal 8037)
   defining Unicode char U+1F66 (decimal 8038)
   defining Unicode char U+1F67 (decimal 8039)
   defining Unicode char U+1F68 (decimal 8040)
   defining Unicode char U+1F69 (decimal 8041)
   defining Unicode char U+1F6A (decimal 8042)
   defining Unicode char U+1F6B (decimal 8043)
   defining Unicode char U+1F6C (decimal 8044)
   defining Unicode char U+1F6D (decimal 8045)
   defining Unicode char U+1F6E (decimal 8046)
   defining Unicode char U+1F6F (decimal 8047)
   defining Unicode char U+1F70 (decimal 8048)
   defining Unicode char U+1F71 (decimal 8049)
   defining Unicode char U+1F72 (decimal 8050)
   defining Unicode char U+1F73 (decimal 8051)
   defining Unicode char U+1F74 (decimal 8052)
   defining Unicode char U+1F75 (decimal 8053)
   defining Unicode char U+1F76 (decimal 8054)
   defining Unicode char U+1F77 (decimal 8055)
   defining Unicode char U+1F78 (decimal 8056)
   defining Unicode char U+1F79 (decimal 8057)
   defining Unicode char U+1F7A (decimal 8058)
   defining Unicode char U+1F7B (decimal 8059)
   defining Unicode char U+1F7C (decimal 8060)
   defining Unicode char U+1F7D (decimal 8061)
   defining Unicode char U+1F80 (decimal 8064)
   defining Unicode char U+1F81 (decimal 8065)
   defining Unicode char U+1F82 (decimal 8066)
   defining Unicode char U+1F83 (decimal 8067)
   defining Unicode char U+1F84 (decimal 8068)
   defining Unicode char U+1F85 (decimal 8069)
   defining Unicode char U+1F86 (decimal 8070)
   defining Unicode char U+1F87 (decimal 8071)
   defining Unicode char U+1F88 (decimal 8072)
   defining Unicode char U+1F89 (decimal 8073)
   defining Unicode char U+1F8A (decimal 8074)
   defining Unicode char U+1F8B (decimal 8075)
   defining Unicode char U+1F8C (decimal 8076)
   defining Unicode char U+1F8D (decimal 8077)
   defining Unicode char U+1F8E (decimal 8078)
   defining Unicode char U+1F8F (decimal 8079)
   defining Unicode char U+1F90 (decimal 8080)
   defining Unicode char U+1F91 (decimal 8081)
   defining Unicode char U+1F92 (decimal 8082)
   defining Unicode char U+1F93 (decimal 8083)
   defining Unicode char U+1F94 (decimal 8084)
   defining Unicode char U+1F95 (decimal 8085)
   defining Unicode char U+1F96 (decimal 8086)
   defining Unicode char U+1F97 (decimal 8087)
   defining Unicode char U+1F98 (decimal 8088)
   defining Unicode char U+1F99 (decimal 8089)
   defining Unicode char U+1F9A (decimal 8090)
   defining Unicode char U+1F9B (decimal 8091)
   defining Unicode char U+1F9C (decimal 8092)
   defining Unicode char U+1F9D (decimal 8093)
   defining Unicode char U+1F9E (decimal 8094)
   defining Unicode char U+1F9F (decimal 8095)
   defining Unicode char U+1FA0 (decimal 8096)
   defining Unicode char U+1FA1 (decimal 8097)
   defining Unicode char U+1FA2 (decimal 8098)
   defining Unicode char U+1FA3 (decimal 8099)
   defining Unicode char U+1FA4 (decimal 8100)
   defining Unicode char U+1FA5 (decimal 8101)
   defining Unicode char U+1FA6 (decimal 8102)
   defining Unicode char U+1FA7 (decimal 8103)
   defining Unicode char U+1FA8 (decimal 8104)
   defining Unicode char U+1FA9 (decimal 8105)
   defining Unicode char U+1FAA (decimal 8106)
   defining Unicode char U+1FAB (decimal 8107)
   defining Unicode char U+1FAC (decimal 8108)
   defining Unicode char U+1FAD (decimal 8109)
   defining Unicode char U+1FAE (decimal 8110)
   defining Unicode char U+1FAF (decimal 8111)
   defining Unicode char U+1FB0 (decimal 8112)
   defining Unicode char U+1FB1 (decimal 8113)
   defining Unicode char U+1FB2 (decimal 8114)
   defining Unicode char U+1FB3 (decimal 8115)
   defining Unicode char U+1FB4 (decimal 8116)
   defining Unicode char U+1FB6 (decimal 8118)
   defining Unicode char U+1FB7 (decimal 8119)
   defining Unicode char U+1FB8 (decimal 8120)
   defining Unicode char U+1FB9 (decimal 8121)
   defining Unicode char U+1FBA (decimal 8122)
   defining Unicode char U+1FBB (decimal 8123)
   defining Unicode char U+1FBC (decimal 8124)
   defining Unicode char U+1FBD (decimal 8125)
   defining Unicode char U+1FBE (decimal 8126)
   defining Unicode char U+1FBF (decimal 8127)
   defining Unicode char U+1FC0 (decimal 8128)
   defining Unicode char U+1FC1 (decimal 8129)
   defining Unicode char U+1FC2 (decimal 8130)
   defining Unicode char U+1FC3 (decimal 8131)
   defining Unicode char U+1FC4 (decimal 8132)
   defining Unicode char U+1FC6 (decimal 8134)
   defining Unicode char U+1FC7 (decimal 8135)
   defining Unicode char U+1FC8 (decimal 8136)
   defining Unicode char U+1FC9 (decimal 8137)
   defining Unicode char U+1FCA (decimal 8138)
   defining Unicode char U+1FCB (decimal 8139)
   defining Unicode char U+1FCC (decimal 8140)
   defining Unicode char U+1FCD (decimal 8141)
   defining Unicode char U+1FCE (decimal 8142)
   defining Unicode char U+1FCF (decimal 8143)
   defining Unicode char U+1FD0 (decimal 8144)
   defining Unicode char U+1FD1 (decimal 8145)
   defining Unicode char U+1FD2 (decimal 8146)
   defining Unicode char U+1FD3 (decimal 8147)
   defining Unicode char U+1FD6 (decimal 8150)
   defining Unicode char U+1FD7 (decimal 8151)
   defining Unicode char U+1FD8 (decimal 8152)
   defining Unicode char U+1FD9 (decimal 8153)
   defining Unicode char U+1FDA (decimal 8154)
   defining Unicode char U+1FDB (decimal 8155)
   defining Unicode char U+1FDD (decimal 8157)
   defining Unicode char U+1FDE (decimal 8158)
   defining Unicode char U+1FDF (decimal 8159)
   defining Unicode char U+1FE0 (decimal 8160)
   defining Unicode char U+1FE1 (decimal 8161)
   defining Unicode char U+1FE2 (decimal 8162)
   defining Unicode char U+1FE3 (decimal 8163)
   defining Unicode char U+1FE4 (decimal 8164)
   defining Unicode char U+1FE5 (decimal 8165)
   defining Unicode char U+1FE6 (decimal 8166)
   defining Unicode char U+1FE7 (decimal 8167)
   defining Unicode char U+1FE8 (decimal 8168)
   defining Unicode char U+1FE9 (decimal 8169)
   defining Unicode char U+1FEA (decimal 8170)
   defining Unicode char U+1FEB (decimal 8171)
   defining Unicode char U+1FEC (decimal 8172)
   defining Unicode char U+1FED (decimal 8173)
   defining Unicode char U+1FEE (decimal 8174)
   defining Unicode char U+1FEF (decimal 8175)
   defining Unicode char U+1FF2 (decimal 8178)
   defining Unicode char U+1FF3 (decimal 8179)
   defining Unicode char U+1FF4 (decimal 8180)
   defining Unicode char U+1FF6 (decimal 8182)
   defining Unicode char U+1FF7 (decimal 8183)
   defining Unicode char U+1FF8 (decimal 8184)
   defining Unicode char U+1FF9 (decimal 8185)
   defining Unicode char U+1FFA (decimal 8186)
   defining Unicode char U+1FFB (decimal 8187)
   defining Unicode char U+1FFC (decimal 8188)
   defining Unicode char U+1FFD (decimal 8189)
   defining Unicode char U+1FFE (decimal 8190)
   defining Unicode char U+2013 (decimal 8211)
   defining Unicode char U+2014 (decimal 8212)
   defining Unicode char U+2018 (decimal 8216)
   defining Unicode char U+2019 (decimal 8217)
   defining Unicode char U+201A (decimal 8218)
   defining Unicode char U+2030 (decimal 8240)
   defining Unicode char U+2039 (decimal 8249)
   defining Unicode char U+203A (decimal 8250)
   defining Unicode char U+20AC (decimal 8364)
   defining Unicode char U+2126 (decimal 8486)
   defining Unicode char U+10144 (decimal 65860)
   defining Unicode char U+10145 (decimal 65861)
   defining Unicode char U+10146 (decimal 65862)
   defining Unicode char U+10147 (decimal 65863)
) (c:/texlive/2020/texmf-dist/tex/latex/greek-fontenc/greek-fontenc.def
File: greek-fontenc.def 2015/08/04 v0.13.4 Common Greek font encoding definitions
))
LaTeX Info: Redefining \& on input line 116.
) (c:/texlive/2020/texmf-dist/tex/generic/babel-spanish/spanish.ldf
Language: spanish.ldf 2016/03/03 v5.0p Spanish support from the babel system
\es@quottoks=\toks17
\es@quotdepth=\count181
Package babel Info: Making " an active character on input line 561.
Package babel Info: Making < an active character on input line 707.
Package babel Info: Making > an active character on input line 707.
)) (c:/texlive/2020/texmf-dist/tex/latex/babelbib/babelbib.sty
Package: babelbib 2019/03/11 v1.32 babelbib: multilingual bibliographies (HH)
\c@btxromaniannumeral=\count182
) (c:/texlive/2020/texmf-dist/tex/latex/ncctools/nccmath.sty
Package: nccmath 2006/01/20 v1.3 Additional Math Commands (NCC)
 (c:/texlive/2020/texmf-dist/tex/latex/amsmath/amsmath.sty
Package: amsmath 2020/01/20 v2.17e AMS math features
\@mathmargin=\skip49

For additional information on amsmath, use the `?' option.
(c:/texlive/2020/texmf-dist/tex/latex/amsmath/amstext.sty
Package: amstext 2000/06/29 v2.01 AMS text
 (c:/texlive/2020/texmf-dist/tex/latex/amsmath/amsgen.sty
File: amsgen.sty 1999/11/30 v2.0 generic functions
\@emptytoks=\toks18
\ex@=\dimen136
)) (c:/texlive/2020/texmf-dist/tex/latex/amsmath/amsbsy.sty
Package: amsbsy 1999/11/29 v1.2d Bold Symbols
\pmbraise@=\dimen137
) (c:/texlive/2020/texmf-dist/tex/latex/amsmath/amsopn.sty
Package: amsopn 2016/03/08 v2.02 operator names
)
\inf@bad=\count183
LaTeX Info: Redefining \frac on input line 227.
\uproot@=\count184
\leftroot@=\count185
LaTeX Info: Redefining \overline on input line 389.
\classnum@=\count186
\DOTSCASE@=\count187
LaTeX Info: Redefining \ldots on input line 486.
LaTeX Info: Redefining \dots on input line 489.
LaTeX Info: Redefining \cdots on input line 610.
\Mathstrutbox@=\box45
\strutbox@=\box46
\big@size=\dimen138
LaTeX Font Info:    Redeclaring font encoding OML on input line 733.
LaTeX Font Info:    Redeclaring font encoding OMS on input line 734.
\macc@depth=\count188
\c@MaxMatrixCols=\count189
\dotsspace@=\muskip16
\c@parentequation=\count190
\dspbrk@lvl=\count191
\tag@help=\toks19
\row@=\count192
\column@=\count193
\maxfields@=\count194
\andhelp@=\toks20
\eqnshift@=\dimen139
\alignsep@=\dimen140
\tagshift@=\dimen141
\tagwidth@=\dimen142
\totwidth@=\dimen143
\lineht@=\dimen144
\@envbody=\toks21
\multlinegap=\skip50
\multlinetaggap=\skip51
\mathdisplay@stack=\toks22
LaTeX Info: Redefining \[ on input line 2859.
LaTeX Info: Redefining \] on input line 2860.
)
\NCC@fracrulewidth=\dimen145
) (c:/texlive/2020/texmf-dist/tex/latex/amscls/amsthm.sty
Package: amsthm 2020/05/29 v2.20.6
\thm@style=\toks23
\thm@bodyfont=\toks24
\thm@headfont=\toks25
\thm@notefont=\toks26
\thm@headpunct=\toks27
\thm@preskip=\skip52
\thm@postskip=\skip53
\thm@headsep=\skip54
\dth@everypar=\toks28
) (c:/texlive/2020/texmf-dist/tex/latex/lipsum/lipsum.sty (c:/texlive/2020/texmf-dist/tex/latex/l3kernel/expl3.sty
Package: expl3 2020-06-03 L3 programming layer (loader) 
 (c:/texlive/2020/texmf-dist/tex/latex/l3backend/l3backend-pdfmode.def
File: l3backend-pdfmode.def 2020-06-03 L3 backend support: PDF mode
\l__kernel_color_stack_int=\count195
\l__pdf_internal_box=\box47
)) (c:/texlive/2020/texmf-dist/tex/latex/l3packages/xparse/xparse.sty
Package: xparse 2020-05-15 L3 Experimental document command parser
 (c:/texlive/2020/texmf-dist/tex/latex/l3packages/xparse/xparse-generic.tex
\l__xparse_current_arg_int=\count196
\g__xparse_grabber_int=\count197
\l__xparse_m_args_int=\count198
\l__xparse_v_nesting_int=\count199
))
Package: lipsum 2019/01/02 v2.2 150 paragraphs of Lorem Ipsum dummy text
 (c:/texlive/2020/texmf-dist/tex/latex/lipsum/lipsum.ltd.tex
File: lipsum.ltd.tex 2019/01/02 v2.2 The Lorem ipsum dummy text
)) (c:/texlive/2020/texmf-dist/tex/latex/tcolorbox/tcolorbox.sty
Package: tcolorbox 2020/04/28 version 4.30 text color boxes
 (c:/texlive/2020/texmf-dist/tex/latex/pgf/basiclayer/pgf.sty (c:/texlive/2020/texmf-dist/tex/latex/pgf/utilities/pgfrcs.sty (c:/texlive/2020/texmf-dist/tex/generic/pgf/utilities/pgfutil-common.tex
\pgfutil@everybye=\toks29
\pgfutil@tempdima=\dimen146
\pgfutil@tempdimb=\dimen147
 (c:/texlive/2020/texmf-dist/tex/generic/pgf/utilities/pgfutil-common-lists.tex)) (c:/texlive/2020/texmf-dist/tex/generic/pgf/utilities/pgfutil-latex.def
\pgfutil@abb=\box48
 (c:/texlive/2020/texmf-dist/tex/latex/ms/everyshi.sty
Package: everyshi 2001/05/15 v3.00 EveryShipout Package (MS)
)) (c:/texlive/2020/texmf-dist/tex/generic/pgf/utilities/pgfrcs.code.tex (c:/texlive/2020/texmf-dist/tex/generic/pgf/pgf.revision.tex)
Package: pgfrcs 2020/01/08 v3.1.5b (3.1.5b)
))
Package: pgf 2020/01/08 v3.1.5b (3.1.5b)
 (c:/texlive/2020/texmf-dist/tex/latex/pgf/basiclayer/pgfcore.sty (c:/texlive/2020/texmf-dist/tex/latex/graphics/graphicx.sty
Package: graphicx 2019/11/30 v1.2a Enhanced LaTeX Graphics (DPC,SPQR)
 (c:/texlive/2020/texmf-dist/tex/latex/graphics/keyval.sty
Package: keyval 2014/10/28 v1.15 key=value parser (DPC)
\KV@toks@=\toks30
) (c:/texlive/2020/texmf-dist/tex/latex/graphics/graphics.sty
Package: graphics 2019/11/30 v1.4a Standard LaTeX Graphics (DPC,SPQR)
 (c:/texlive/2020/texmf-dist/tex/latex/graphics/trig.sty
Package: trig 2016/01/03 v1.10 sin cos tan (DPC)
) (c:/texlive/2020/texmf-dist/tex/latex/graphics-cfg/graphics.cfg
File: graphics.cfg 2016/06/04 v1.11 sample graphics configuration
)
Package graphics Info: Driver file: pdftex.def on input line 105.
 (c:/texlive/2020/texmf-dist/tex/latex/graphics-def/pdftex.def
File: pdftex.def 2018/01/08 v1.0l Graphics/color driver for pdftex
))
\Gin@req@height=\dimen148
\Gin@req@width=\dimen149
) (c:/texlive/2020/texmf-dist/tex/latex/pgf/systemlayer/pgfsys.sty (c:/texlive/2020/texmf-dist/tex/generic/pgf/systemlayer/pgfsys.code.tex
Package: pgfsys 2020/01/08 v3.1.5b (3.1.5b)
 (c:/texlive/2020/texmf-dist/tex/generic/pgf/utilities/pgfkeys.code.tex
\pgfkeys@pathtoks=\toks31
\pgfkeys@temptoks=\toks32
 (c:/texlive/2020/texmf-dist/tex/generic/pgf/utilities/pgfkeysfiltered.code.tex
\pgfkeys@tmptoks=\toks33
))
\pgf@x=\dimen150
\pgf@y=\dimen151
\pgf@xa=\dimen152
\pgf@ya=\dimen153
\pgf@xb=\dimen154
\pgf@yb=\dimen155
\pgf@xc=\dimen156
\pgf@yc=\dimen157
\pgf@xd=\dimen158
\pgf@yd=\dimen159
\w@pgf@writea=\write3
\r@pgf@reada=\read3
\c@pgf@counta=\count266
\c@pgf@countb=\count267
\c@pgf@countc=\count268
\c@pgf@countd=\count269
\t@pgf@toka=\toks34
\t@pgf@tokb=\toks35
\t@pgf@tokc=\toks36
\pgf@sys@id@count=\count270
 (c:/texlive/2020/texmf-dist/tex/generic/pgf/systemlayer/pgf.cfg
File: pgf.cfg 2020/01/08 v3.1.5b (3.1.5b)
)
Driver file for pgf: pgfsys-pdftex.def
 (c:/texlive/2020/texmf-dist/tex/generic/pgf/systemlayer/pgfsys-pdftex.def
File: pgfsys-pdftex.def 2020/01/08 v3.1.5b (3.1.5b)
 (c:/texlive/2020/texmf-dist/tex/generic/pgf/systemlayer/pgfsys-common-pdf.def
File: pgfsys-common-pdf.def 2020/01/08 v3.1.5b (3.1.5b)
))) (c:/texlive/2020/texmf-dist/tex/generic/pgf/systemlayer/pgfsyssoftpath.code.tex
File: pgfsyssoftpath.code.tex 2020/01/08 v3.1.5b (3.1.5b)
\pgfsyssoftpath@smallbuffer@items=\count271
\pgfsyssoftpath@bigbuffer@items=\count272
) (c:/texlive/2020/texmf-dist/tex/generic/pgf/systemlayer/pgfsysprotocol.code.tex
File: pgfsysprotocol.code.tex 2020/01/08 v3.1.5b (3.1.5b)
)) (c:/texlive/2020/texmf-dist/tex/latex/xcolor/xcolor.sty
Package: xcolor 2016/05/11 v2.12 LaTeX color extensions (UK)
 (c:/texlive/2020/texmf-dist/tex/latex/graphics-cfg/color.cfg
File: color.cfg 2016/01/02 v1.6 sample color configuration
)
Package xcolor Info: Driver file: pdftex.def on input line 225.
Package xcolor Info: Model `cmy' substituted by `cmy0' on input line 1348.
Package xcolor Info: Model `hsb' substituted by `rgb' on input line 1352.
Package xcolor Info: Model `RGB' extended on input line 1364.
Package xcolor Info: Model `HTML' substituted by `rgb' on input line 1366.
Package xcolor Info: Model `Hsb' substituted by `hsb' on input line 1367.
Package xcolor Info: Model `tHsb' substituted by `hsb' on input line 1368.
Package xcolor Info: Model `HSB' substituted by `hsb' on input line 1369.
Package xcolor Info: Model `Gray' substituted by `gray' on input line 1370.
Package xcolor Info: Model `wave' substituted by `hsb' on input line 1371.
) (c:/texlive/2020/texmf-dist/tex/generic/pgf/basiclayer/pgfcore.code.tex
Package: pgfcore 2020/01/08 v3.1.5b (3.1.5b)
 (c:/texlive/2020/texmf-dist/tex/generic/pgf/math/pgfmath.code.tex (c:/texlive/2020/texmf-dist/tex/generic/pgf/math/pgfmathcalc.code.tex (c:/texlive/2020/texmf-dist/tex/generic/pgf/math/pgfmathutil.code.tex) (c:/texlive/2020/texmf-dist/tex/generic/pgf/math/pgfmathparser.code.tex
\pgfmath@dimen=\dimen160
\pgfmath@count=\count273
\pgfmath@box=\box49
\pgfmath@toks=\toks37
\pgfmath@stack@operand=\toks38
\pgfmath@stack@operation=\toks39
) (c:/texlive/2020/texmf-dist/tex/generic/pgf/math/pgfmathfunctions.code.tex (c:/texlive/2020/texmf-dist/tex/generic/pgf/math/pgfmathfunctions.basic.code.tex) (c:/texlive/2020/texmf-dist/tex/generic/pgf/math/pgfmathfunctions.trigonometric.code.tex) (c:/texlive/2020/texmf-dist/tex/generic/pgf/math/pgfmathfunctions.random.code.tex) (c:/texlive/2020/texmf-dist/tex/generic/pgf/math/pgfmathfunctions.comparison.code.tex) (c:/texlive/2020/texmf-dist/tex/generic/pgf/math/pgfmathfunctions.base.code.tex) (c:/texlive/2020/texmf-dist/tex/generic/pgf/math/pgfmathfunctions.round.code.tex) (c:/texlive/2020/texmf-dist/tex/generic/pgf/math/pgfmathfunctions.misc.code.tex) (c:/texlive/2020/texmf-dist/tex/generic/pgf/math/pgfmathfunctions.integerarithmetics.code.tex))) (c:/texlive/2020/texmf-dist/tex/generic/pgf/math/pgfmathfloat.code.tex
\c@pgfmathroundto@lastzeros=\count274
)) (c:/texlive/2020/texmf-dist/tex/generic/pgf/math/pgfint.code.tex) (c:/texlive/2020/texmf-dist/tex/generic/pgf/basiclayer/pgfcorepoints.code.tex
File: pgfcorepoints.code.tex 2020/01/08 v3.1.5b (3.1.5b)
\pgf@picminx=\dimen161
\pgf@picmaxx=\dimen162
\pgf@picminy=\dimen163
\pgf@picmaxy=\dimen164
\pgf@pathminx=\dimen165
\pgf@pathmaxx=\dimen166
\pgf@pathminy=\dimen167
\pgf@pathmaxy=\dimen168
\pgf@xx=\dimen169
\pgf@xy=\dimen170
\pgf@yx=\dimen171
\pgf@yy=\dimen172
\pgf@zx=\dimen173
\pgf@zy=\dimen174
) (c:/texlive/2020/texmf-dist/tex/generic/pgf/basiclayer/pgfcorepathconstruct.code.tex
File: pgfcorepathconstruct.code.tex 2020/01/08 v3.1.5b (3.1.5b)
\pgf@path@lastx=\dimen175
\pgf@path@lasty=\dimen176
) (c:/texlive/2020/texmf-dist/tex/generic/pgf/basiclayer/pgfcorepathusage.code.tex
File: pgfcorepathusage.code.tex 2020/01/08 v3.1.5b (3.1.5b)
\pgf@shorten@end@additional=\dimen177
\pgf@shorten@start@additional=\dimen178
) (c:/texlive/2020/texmf-dist/tex/generic/pgf/basiclayer/pgfcorescopes.code.tex
File: pgfcorescopes.code.tex 2020/01/08 v3.1.5b (3.1.5b)
\pgfpic=\box50
\pgf@hbox=\box51
\pgf@layerbox@main=\box52
\pgf@picture@serial@count=\count275
) (c:/texlive/2020/texmf-dist/tex/generic/pgf/basiclayer/pgfcoregraphicstate.code.tex
File: pgfcoregraphicstate.code.tex 2020/01/08 v3.1.5b (3.1.5b)
\pgflinewidth=\dimen179
) (c:/texlive/2020/texmf-dist/tex/generic/pgf/basiclayer/pgfcoretransformations.code.tex
File: pgfcoretransformations.code.tex 2020/01/08 v3.1.5b (3.1.5b)
\pgf@pt@x=\dimen180
\pgf@pt@y=\dimen181
\pgf@pt@temp=\dimen182
) (c:/texlive/2020/texmf-dist/tex/generic/pgf/basiclayer/pgfcorequick.code.tex
File: pgfcorequick.code.tex 2020/01/08 v3.1.5b (3.1.5b)
) (c:/texlive/2020/texmf-dist/tex/generic/pgf/basiclayer/pgfcoreobjects.code.tex
File: pgfcoreobjects.code.tex 2020/01/08 v3.1.5b (3.1.5b)
) (c:/texlive/2020/texmf-dist/tex/generic/pgf/basiclayer/pgfcorepathprocessing.code.tex
File: pgfcorepathprocessing.code.tex 2020/01/08 v3.1.5b (3.1.5b)
) (c:/texlive/2020/texmf-dist/tex/generic/pgf/basiclayer/pgfcorearrows.code.tex
File: pgfcorearrows.code.tex 2020/01/08 v3.1.5b (3.1.5b)
\pgfarrowsep=\dimen183
) (c:/texlive/2020/texmf-dist/tex/generic/pgf/basiclayer/pgfcoreshade.code.tex
File: pgfcoreshade.code.tex 2020/01/08 v3.1.5b (3.1.5b)
\pgf@max=\dimen184
\pgf@sys@shading@range@num=\count276
\pgf@shadingcount=\count277
) (c:/texlive/2020/texmf-dist/tex/generic/pgf/basiclayer/pgfcoreimage.code.tex
File: pgfcoreimage.code.tex 2020/01/08 v3.1.5b (3.1.5b)
 (c:/texlive/2020/texmf-dist/tex/generic/pgf/basiclayer/pgfcoreexternal.code.tex
File: pgfcoreexternal.code.tex 2020/01/08 v3.1.5b (3.1.5b)
\pgfexternal@startupbox=\box53
)) (c:/texlive/2020/texmf-dist/tex/generic/pgf/basiclayer/pgfcorelayers.code.tex
File: pgfcorelayers.code.tex 2020/01/08 v3.1.5b (3.1.5b)
) (c:/texlive/2020/texmf-dist/tex/generic/pgf/basiclayer/pgfcoretransparency.code.tex
File: pgfcoretransparency.code.tex 2020/01/08 v3.1.5b (3.1.5b)
) (c:/texlive/2020/texmf-dist/tex/generic/pgf/basiclayer/pgfcorepatterns.code.tex
File: pgfcorepatterns.code.tex 2020/01/08 v3.1.5b (3.1.5b)
) (c:/texlive/2020/texmf-dist/tex/generic/pgf/basiclayer/pgfcorerdf.code.tex
File: pgfcorerdf.code.tex 2020/01/08 v3.1.5b (3.1.5b)
))) (c:/texlive/2020/texmf-dist/tex/generic/pgf/modules/pgfmoduleshapes.code.tex
File: pgfmoduleshapes.code.tex 2020/01/08 v3.1.5b (3.1.5b)
\pgfnodeparttextbox=\box54
) (c:/texlive/2020/texmf-dist/tex/generic/pgf/modules/pgfmoduleplot.code.tex
File: pgfmoduleplot.code.tex 2020/01/08 v3.1.5b (3.1.5b)
) (c:/texlive/2020/texmf-dist/tex/latex/pgf/compatibility/pgfcomp-version-0-65.sty
Package: pgfcomp-version-0-65 2020/01/08 v3.1.5b (3.1.5b)
\pgf@nodesepstart=\dimen185
\pgf@nodesepend=\dimen186
) (c:/texlive/2020/texmf-dist/tex/latex/pgf/compatibility/pgfcomp-version-1-18.sty
Package: pgfcomp-version-1-18 2020/01/08 v3.1.5b (3.1.5b)
)) (c:/texlive/2020/texmf-dist/tex/latex/tools/verbatim.sty
Package: verbatim 2019/11/10 v1.5r LaTeX2e package for verbatim enhancements
\every@verbatim=\toks40
\verbatim@line=\toks41
\verbatim@in@stream=\read4
) (c:/texlive/2020/texmf-dist/tex/latex/environ/environ.sty
Package: environ 2014/05/04 v0.3 A new way to define environments
 (c:/texlive/2020/texmf-dist/tex/latex/trimspaces/trimspaces.sty
Package: trimspaces 2009/09/17 v1.1 Trim spaces around a token list
)) (c:/texlive/2020/texmf-dist/tex/latex/etoolbox/etoolbox.sty
Package: etoolbox 2019/09/21 v2.5h e-TeX tools for LaTeX (JAW)
\etb@tempcnta=\count278
)
\tcb@titlebox=\box55
\tcb@upperbox=\box56
\tcb@lowerbox=\box57
\tcb@phantombox=\box58
\c@tcbbreakpart=\count279
\c@tcblayer=\count280
\c@tcolorbox@number=\count281
\tcb@temp=\box59
\tcb@temp=\box60
\tcb@temp=\box61
\tcb@temp=\box62
\tcb@out=\write4
\tcb@record@out=\write5
) (c:/texlive/2020/texmf-dist/tex/latex/cancel/cancel.sty
Package: cancel 2013/04/12 v2.2 Cancel math terms
) (c:/texlive/2020/texmf-dist/tex/latex/mathtools/mathtools.sty
Package: mathtools 2020/03/24 v1.24 mathematical typesetting tools
 (c:/texlive/2020/texmf-dist/tex/latex/tools/calc.sty
Package: calc 2017/05/25 v4.3 Infix arithmetic (KKT,FJ)
\calc@Acount=\count282
\calc@Bcount=\count283
\calc@Adimen=\dimen187
\calc@Bdimen=\dimen188
\calc@Askip=\skip55
\calc@Bskip=\skip56
LaTeX Info: Redefining \setlength on input line 80.
LaTeX Info: Redefining \addtolength on input line 81.
\calc@Ccount=\count284
\calc@Cskip=\skip57
) (c:/texlive/2020/texmf-dist/tex/latex/mathtools/mhsetup.sty
Package: mhsetup 2017/03/31 v1.3 programming setup (MH)
)
LaTeX Info: Thecontrolsequence`\('isalreadyrobust on input line 130.
LaTeX Info: Thecontrolsequence`\)'isalreadyrobust on input line 130.
LaTeX Info: Thecontrolsequence`\['isalreadyrobust on input line 130.
LaTeX Info: Thecontrolsequence`\]'isalreadyrobust on input line 130.
\g_MT_multlinerow_int=\count285
\l_MT_multwidth_dim=\dimen189
\origjot=\skip58
\l_MT_shortvdotswithinadjustabove_dim=\dimen190
\l_MT_shortvdotswithinadjustbelow_dim=\dimen191
\l_MT_above_intertext_sep=\dimen192
\l_MT_below_intertext_sep=\dimen193
\l_MT_above_shortintertext_sep=\dimen194
\l_MT_below_shortintertext_sep=\dimen195
\xmathstrut@box=\box63
\xmathstrut@dim=\dimen196
) (c:/texlive/2020/texmf-dist/tex/latex/amsfonts/amssymb.sty
Package: amssymb 2013/01/14 v3.01 AMS font symbols
 (c:/texlive/2020/texmf-dist/tex/latex/amsfonts/amsfonts.sty
Package: amsfonts 2013/01/14 v3.01 Basic AMSFonts support
\symAMSa=\mathgroup4
\symAMSb=\mathgroup5
LaTeX Font Info:    Redeclaring math symbol \hbar on input line 98.
LaTeX Font Info:    Overwriting math alphabet `\mathfrak' in version `bold'
(Font)                  U/euf/m/n --> U/euf/b/n on input line 106.
)) (c:/texlive/2020/texmf-dist/tex/latex/caption/caption.sty
Package: caption 2020/05/10 v3.4j Customizing captions (AR)
 (c:/texlive/2020/texmf-dist/tex/latex/caption/caption3.sty
Package: caption3 2020/05/10 v1.11 caption3 kernel (AR)
Package caption3 Info: TeX engine: e-TeX on input line 61.
\captionmargin=\dimen197
\captionmargin@=\dimen198
\captionwidth=\dimen199
\caption@tempdima=\dimen256
\caption@indent=\dimen257
\caption@parindent=\dimen258
\caption@hangindent=\dimen259
Package caption Info: Standard document class detected.
)
\c@caption@flags=\count286
\c@continuedfloat=\count287
) (c:/texlive/2020/texmf-dist/tex/latex/caption/subcaption.sty
Package: subcaption 2020/01/22 v1.3d Sub-captions (AR)
\c@subfigure=\count288
\c@subtable=\count289
) (c:/texlive/2020/texmf-dist/tex/latex/tools/longtable.sty
Package: longtable 2020/01/07 v4.13 Multi-page Table package (DPC)
\LTleft=\skip59
\LTright=\skip60
\LTpre=\skip61
\LTpost=\skip62
\LTchunksize=\count290
\LTcapwidth=\dimen260
\LT@head=\box64
\LT@firsthead=\box65
\LT@foot=\box66
\LT@lastfoot=\box67
\LT@cols=\count291
\LT@rows=\count292
\c@LT@tables=\count293
\c@LT@chunks=\count294
\LT@p@ftn=\toks42
) (c:/texlive/2020/texmf-dist/tex/latex/tools/enumerate.sty
Package: enumerate 2015/07/23 v3.00 enumerate extensions (DPC)
\@enLab=\toks43
) (c:/texlive/2020/texmf-dist/tex/generic/epsf/epsf.sty
This is `epsf.tex' v2.7.4 <14 February 2011>
\epsffilein=\read5
\epsfframemargin=\dimen261
\epsfframethickness=\dimen262
\epsfrsize=\dimen263
\epsftmp=\dimen264
\epsftsize=\dimen265
\epsfxsize=\dimen266
\epsfysize=\dimen267
\pspoints=\dimen268
) (c:/texlive/2020/texmf-dist/tex/latex/tools/bm.sty
Package: bm 2019/07/24 v1.2d Bold Symbol Support (DPC/FMi)
\symboldoperators=\mathgroup6
\symboldletters=\mathgroup7
\symboldsymbols=\mathgroup8
LaTeX Font Info:    Redeclaring math alphabet \mathbf on input line 141.
LaTeX Info: Redefining \bm on input line 209.
) (c:/texlive/2020/texmf-dist/tex/latex/base/textcomp.sty
Package: textcomp 2020/02/02 v2.0n Standard LaTeX package
) (c:/texlive/2020/texmf-dist/tex/latex/was/gensymb.sty
Package: gensymb 2003/07/02 v1.0 (WaS)
) (c:/texlive/2020/texmf-dist/tex/latex/geometry/geometry.sty
Package: geometry 2020/01/02 v5.9 Page Geometry
 (c:/texlive/2020/texmf-dist/tex/generic/iftex/ifvtex.sty
Package: ifvtex 2019/10/25 v1.7 ifvtex legacy package. Use iftex instead.
 (c:/texlive/2020/texmf-dist/tex/generic/iftex/iftex.sty
Package: iftex 2020/03/06 v1.0d TeX engine tests
))
\Gm@cnth=\count295
\Gm@cntv=\count296
\c@Gm@tempcnt=\count297
\Gm@bindingoffset=\dimen269
\Gm@wd@mp=\dimen270
\Gm@odd@mp=\dimen271
\Gm@even@mp=\dimen272
\Gm@layoutwidth=\dimen273
\Gm@layoutheight=\dimen274
\Gm@layouthoffset=\dimen275
\Gm@layoutvoffset=\dimen276
\Gm@dimlist=\toks44
) (c:/texlive/2020/texmf-dist/tex/latex/isotope/isotope.sty
Package: isotope 2011/08/26 v0.3 for typesetting isotopes
) (c:/texlive/2020/texmf-dist/tex/latex/maybemath/maybemath.sty
Package: maybemath 2005/2/22
) (c:/texlive/2020/texmf-dist/tex/latex/was/upgreek.sty
Package: upgreek 2003/02/12 v2.0 (WaS)
Package upgreek Info: Using Euler Roman for upright Greek on input line 31.
\symugrf@m=\mathgroup9
LaTeX Font Info:    Overwriting symbol font `ugrf@m' in version `bold'
(Font)                  U/eur/m/n --> U/eur/b/n on input line 38.
) (c:/texlive/2020/texmf-dist/tex/latex/wasysym/wasysym.sty
Package: wasysym 2020/01/19 v2.4 Wasy-2 symbol support package
\symwasy=\mathgroup10
LaTeX Font Info:    Overwriting symbol font `wasy' in version `bold'
(Font)                  U/wasy/m/n --> U/wasy/b/n on input line 93.
) (c:/texlive/2020/texmf-dist/tex/latex/hepparticles/hepparticles.sty
Package: hepparticles 2014/12/01 HEP particle typesetting (v2.0)
 (c:/texlive/2020/texmf-dist/tex/latex/subdepth/subdepth.sty
Package: subdepth 2007/09/02 v0.1 Unify subscript depths
)
LaTeX Font Info:    Overwriting math alphabet `\mathup' in version `bold'
(Font)                  OT1/lmr/m/n --> OT1/lmr/bx/n on input line 110.
LaTeX Font Info:    Overwriting math alphabet `\mathsfup' in version `bold'
(Font)                  OT1/lmss/m/n --> OT1/lmss/bx/n on input line 113.
LaTeX Font Info:    Overwriting math alphabet `\mathsfit' in version `bold'
(Font)                  OT1/lmss/m/sl --> OT1/lmss/bx/sl on input line 116.
) (c:/texlive/2020/texmf-dist/tex/latex/physics/physics.sty
Package: physics 
) (c:/texlive/2020/texmf-dist/tex/latex/braket/braket.sty) (c:/texlive/2020/texmf-dist/tex/latex/tensor/tensor.sty
Package: tensor 2004/12/20 v2.1 tensor indices package (PGR)
\tnsr@Sps=\toks45
\tnsr@Sbs=\toks46
\tnsr@Spe=\toks47
\tnsr@Sbe=\toks48
\ncld@Mno=\toks49
) (c:/texlive/2020/texmf-dist/tex/latex/chemformula/chemformula.sty (c:/texlive/2020/texmf-dist/tex/latex/l3packages/l3keys2e/l3keys2e.sty
Package: l3keys2e 2020-05-15 LaTeX2e option processing using LaTeX3 keys
) (c:/texlive/2020/texmf-dist/tex/latex/pgf/frontendlayer/tikz.sty (c:/texlive/2020/texmf-dist/tex/latex/pgf/utilities/pgffor.sty (c:/texlive/2020/texmf-dist/tex/latex/pgf/utilities/pgfkeys.sty (c:/texlive/2020/texmf-dist/tex/generic/pgf/utilities/pgfkeys.code.tex)) (c:/texlive/2020/texmf-dist/tex/latex/pgf/math/pgfmath.sty (c:/texlive/2020/texmf-dist/tex/generic/pgf/math/pgfmath.code.tex)) (c:/texlive/2020/texmf-dist/tex/generic/pgf/utilities/pgffor.code.tex
Package: pgffor 2020/01/08 v3.1.5b (3.1.5b)
 (c:/texlive/2020/texmf-dist/tex/generic/pgf/math/pgfmath.code.tex)
\pgffor@iter=\dimen277
\pgffor@skip=\dimen278
\pgffor@stack=\toks50
\pgffor@toks=\toks51
)) (c:/texlive/2020/texmf-dist/tex/generic/pgf/frontendlayer/tikz/tikz.code.tex
Package: tikz 2020/01/08 v3.1.5b (3.1.5b)
 (c:/texlive/2020/texmf-dist/tex/generic/pgf/libraries/pgflibraryplothandlers.code.tex
File: pgflibraryplothandlers.code.tex 2020/01/08 v3.1.5b (3.1.5b)
\pgf@plot@mark@count=\count298
\pgfplotmarksize=\dimen279
)
\tikz@lastx=\dimen280
\tikz@lasty=\dimen281
\tikz@lastxsaved=\dimen282
\tikz@lastysaved=\dimen283
\tikz@lastmovetox=\dimen284
\tikz@lastmovetoy=\dimen285
\tikzleveldistance=\dimen286
\tikzsiblingdistance=\dimen287
\tikz@figbox=\box68
\tikz@figbox@bg=\box69
\tikz@tempbox=\box70
\tikz@tempbox@bg=\box71
\tikztreelevel=\count299
\tikznumberofchildren=\count300
\tikznumberofcurrentchild=\count301
\tikz@fig@count=\count302
 (c:/texlive/2020/texmf-dist/tex/generic/pgf/modules/pgfmodulematrix.code.tex
File: pgfmodulematrix.code.tex 2020/01/08 v3.1.5b (3.1.5b)
\pgfmatrixcurrentrow=\count303
\pgfmatrixcurrentcolumn=\count304
\pgf@matrix@numberofcolumns=\count305
)
\tikz@expandcount=\count306
 (c:/texlive/2020/texmf-dist/tex/generic/pgf/frontendlayer/tikz/libraries/tikzlibrarytopaths.code.tex
File: tikzlibrarytopaths.code.tex 2020/01/08 v3.1.5b (3.1.5b)
))) (c:/texlive/2020/texmf-dist/tex/latex/l3packages/xfrac/xfrac.sty (c:/texlive/2020/texmf-dist/tex/latex/l3packages/xtemplate/xtemplate.sty
Package: xtemplate 2020-05-15 L3 Experimental prototype document functions
\l__xtemplate_tmp_dim=\dimen288
\l__xtemplate_tmp_int=\count307
\l__xtemplate_tmp_muskip=\muskip17
\l__xtemplate_tmp_skip=\skip63
)
Package: xfrac 2020-05-15 L3 Experimental split-level fractions
\l__xfrac_slash_box=\box72
\l__xfrac_tmp_box=\box73
\l__xfrac_denominator_bot_sep_dim=\dimen289
\l__xfrac_numerator_bot_sep_dim=\dimen290
\l__xfrac_numerator_top_sep_dim=\dimen291
\l__xfrac_slash_left_sep_dim=\dimen292
\l__xfrac_slash_right_sep_dim=\dimen293
\l__xfrac_slash_left_muskip=\muskip18
\l__xfrac_slash_right_muskip=\muskip19

Package xtemplate Info: Declaring object type 'xfrac' taking 3 argument(s) on
(xtemplate)             line 80.

) (c:/texlive/2020/texmf-dist/tex/latex/units/nicefrac.sty
Package: nicefrac 1998/08/04 v0.9b Nice fractions
\L@UnitsRaiseDisplaystyle=\skip64
\L@UnitsRaiseTextstyle=\skip65
\L@UnitsRaiseScriptstyle=\skip66
 (c:/texlive/2020/texmf-dist/tex/latex/base/ifthen.sty
Package: ifthen 2014/09/29 v1.1c Standard LaTeX ifthen package (DPC)
)) (c:/texlive/2020/texmf-dist/tex/latex/koma-script/scrlfile.sty
Package: scrlfile 2020/04/19 v3.30 KOMA-Script package (loading files)
) (c:/texlive/2020/texmf-dist/tex/generic/pgf/libraries/pgflibraryarrows.meta.code.tex
File: pgflibraryarrows.meta.code.tex 2020/01/08 v3.1.5b (3.1.5b)
\pgfarrowinset=\dimen294
\pgfarrowlength=\dimen295
\pgfarrowwidth=\dimen296
\pgfarrowlinewidth=\dimen297
)
Package: chemformula 2020/03/07 v4.15j typeset chemical compounds and reactions (CN)
\l__chemformula_tmpa_dim=\dimen298
\l__chemformula_tmpb_dim=\dimen299
\l__chemformula_tmpc_dim=\dimen300
\l__chemformula_tmpa_int=\count308
\l__chemformula_tmpb_int=\count309
\l__chemformula_tmpc_int=\count310
\l__chemformula_tmpa_box=\box74
\l__chemformula_tmpb_box=\box75
\l__chemformula_arrow_length_dim=\dimen301
\l__chemformula_arrow_label_height_dim=\dimen302
\l__chemformula_arrow_label_offset_dim=\dimen303
\l__chemformula_arrow_minimum_length_dim=\dimen304
\l__chemformula_arrow_shortage_dim=\dimen305
\l__chemformula_arrow_offset_dim=\dimen306
\l__chemformula_arrow_yshift_dim=\dimen307
\l__chemformula_radical_radius_dim=\dimen308
\l__chemformula_radical_hshift_dim=\dimen309
\l__chemformula_radical_vshift_dim=\dimen310
\l__chemformula_radical_space_dim=\dimen311
\l__chemformula_arrow_head_dim=\dimen312
\l__chemformula_name_dim=\dimen313
\l__chemformula_adduct_space_dim=\dimen314
\l__chemformula_charge_shift_dim=\dimen315
\l__chemformula_subscript_shift_dim=\dimen316
\l__chemformula_superscript_shift_dim=\dimen317
\l__chemformula_subscript_dim=\dimen318
\l__chemformula_superscript_dim=\dimen319
\l__chemformula_bond_dim=\dimen320
\l__chemformula_bond_space_dim=\dimen321
\l__chemformula_elspec_pair_distance_dim=\dimen322
\l__chemformula_elspec_pair_line_length_dim=\dimen323
\l__chemformula_elspec_pair_width_dim=\dimen324
\l__chemformula_kroegervink_positive_radius_dim=\dimen325
\l__chemformula_kroegervink_positive_hshift_dim=\dimen326
\l__chemformula_kroegervink_positive_vshift_dim=\dimen327
\l__chemformula_kroegervink_positive_space_dim=\dimen328
\l__chemformula_stoich_space_skip=\skip67
\l__chemformula_math_space_skip=\skip68
\l__chemformula_count_tokens_int=\count311
\g__chemformula_lewis_int=\count312
\l__chemformula_arrow_arg_i_box=\box76
\l__chemformula_arrow_arg_ii_box=\box77
\l__chemformula_superscript_box=\box78
\l__chemformula_subscript_box=\box79
\l__chemformula_additions_symbol_space_skip=\skip69
\l__chemformula_plus_space_skip=\skip70
\l__chemformula_minus_space_skip=\skip71
) (c:/texlive/2020/texmf-dist/tex/latex/siunitx/siunitx.sty
Package: siunitx 2020/02/25 v2.8b A comprehensive (SI) units package
 (c:/texlive/2020/texmf-dist/tex/latex/tools/array.sty
Package: array 2019/08/31 v2.4l Tabular extension package (FMi)
\col@sep=\dimen329
\ar@mcellbox=\box80
\extrarowheight=\dimen330
\NC@list=\toks52
\extratabsurround=\skip72
\backup@length=\skip73
\ar@cellbox=\box81
)
\l__siunitx_tmp_box=\box82
\l__siunitx_tmp_dim=\dimen331
\l__siunitx_tmp_int=\count313
\l__siunitx_number_mantissa_length_int=\count314
\l__siunitx_number_uncert_length_int=\count315
\l__siunitx_round_int=\count316
\l__siunitx_process_decimal_int=\count317
\l__siunitx_process_uncertainty_int=\count318
\l__siunitx_process_fixed_int=\count319
\l__siunitx_process_integer_min_int=\count320
\l__siunitx_process_precision_int=\count321
\l__siunitx_group_min_int=\count322
\l__siunitx_angle_marker_box=\box83
\l__siunitx_angle_unit_box=\box84
\l__siunitx_angle_marker_dim=\dimen332
\l__siunitx_angle_unit_dim=\dimen333
\l__siunitx_unit_int=\count323
\l__siunitx_unit_denominator_int=\count324
\l__siunitx_unit_numerator_int=\count325
\l__siunitx_unit_prefix_int=\count326
\l__siunitx_unit_prefix_base_int=\count327
\l__siunitx_unit_prefix_gram_int=\count328
\l__siunitx_number_product_int=\count329
\c__siunitx_one_fill_skip=\skip74
\l__siunitx_table_unit_align_skip=\skip75
\l__siunitx_table_exponent_dim=\dimen334
\l__siunitx_table_integer_dim=\dimen335
\l__siunitx_table_mantissa_dim=\dimen336
\l__siunitx_table_marker_dim=\dimen337
\l__siunitx_table_result_dim=\dimen338
\l__siunitx_table_uncert_dim=\dimen339
\l__siunitx_table_fill_pre_dim=\dimen340
\l__siunitx_table_fill_post_dim=\dimen341
\l__siunitx_table_fill_mid_dim=\dimen342
\l__siunitx_table_pre_box=\box85
\l__siunitx_table_post_box=\box86
\l__siunitx_table_mantissa_box=\box87
\l__siunitx_table_result_box=\box88
\l__siunitx_table_number_align_skip=\skip76
\l__siunitx_table_text_align_skip=\skip77
 (c:/texlive/2020/texmf-dist/tex/latex/translator/translator.sty
Package: translator 2019-05-31 v1.12a Easy translation of strings in LaTeX
)) (c:/texlive/2020/texmf-dist/tex/latex/url/url.sty
\Urlmuskip=\muskip20
Package: url 2013/09/16  ver 3.4  Verb mode for urls, etc.
) (c:/texlive/2020/texmf-dist/tex/latex/multirow/multirow.sty
Package: multirow 2019/05/31 v2.5 Span multiple rows of a table
\multirow@colwidth=\skip78
\multirow@cntb=\count330
\multirow@dima=\skip79
\bigstrutjot=\dimen343
) (c:/texlive/2020/texmf-dist/tex/latex/tools/multicol.sty
Package: multicol 2019/12/09 v1.8y multicolumn formatting (FMi)
\c@tracingmulticols=\count331
\mult@box=\box89
\multicol@leftmargin=\dimen344
\c@unbalance=\count332
\c@collectmore=\count333
\doublecol@number=\count334
\multicoltolerance=\count335
\multicolpretolerance=\count336
\full@width=\dimen345
\page@free=\dimen346
\premulticols=\dimen347
\postmulticols=\dimen348
\multicolsep=\skip80
\multicolbaselineskip=\skip81
\partial@page=\box90
\last@line=\box91
\maxbalancingoverflow=\dimen349
\mult@rightbox=\box92
\mult@grightbox=\box93
\mult@gfirstbox=\box94
\mult@firstbox=\box95
\@tempa=\box96
\@tempa=\box97
\@tempa=\box98
\@tempa=\box99
\@tempa=\box100
\@tempa=\box101
\@tempa=\box102
\@tempa=\box103
\@tempa=\box104
\@tempa=\box105
\@tempa=\box106
\@tempa=\box107
\@tempa=\box108
\@tempa=\box109
\@tempa=\box110
\@tempa=\box111
\@tempa=\box112
\@tempa=\box113
\@tempa=\box114
\@tempa=\box115
\@tempa=\box116
\@tempa=\box117
\@tempa=\box118
\@tempa=\box119
\@tempa=\box120
\@tempa=\box121
\@tempa=\box122
\@tempa=\box123
\@tempa=\box124
\@tempa=\box125
\@tempa=\box126
\@tempa=\box127
\@tempa=\box128
\@tempa=\box129
\@tempa=\box130
\@tempa=\box131
\@tempa=\box132
\c@minrows=\count337
\c@columnbadness=\count338
\c@finalcolumnbadness=\count339
\last@try=\dimen350
\multicolovershoot=\dimen351
\multicolundershoot=\dimen352
\mult@nat@firstbox=\box133
\colbreak@box=\box134
\mc@col@check@num=\count340
) (c:/texlive/2020/texmf-dist/tex/latex/hyperref/hyperref.sty
Package: hyperref 2020-05-15 v7.00e Hypertext links for LaTeX
 (c:/texlive/2020/texmf-dist/tex/generic/ltxcmds/ltxcmds.sty
Package: ltxcmds 2019/12/15 v1.24 LaTeX kernel commands for general use (HO)
) (c:/texlive/2020/texmf-dist/tex/latex/pdftexcmds/pdftexcmds.sty
Package: pdftexcmds 2020-06-04 v0.32 Utility functions of pdfTeX for LuaTeX (HO)
 (c:/texlive/2020/texmf-dist/tex/generic/infwarerr/infwarerr.sty
Package: infwarerr 2019/12/03 v1.5 Providing info/warning/error messages (HO)
)
Package pdftexcmds Info: \pdf@primitive is available.
Package pdftexcmds Info: \pdf@ifprimitive is available.
Package pdftexcmds Info: \pdfdraftmode found.
) (c:/texlive/2020/texmf-dist/tex/generic/kvsetkeys/kvsetkeys.sty
Package: kvsetkeys 2019/12/15 v1.18 Key value parser (HO)
) (c:/texlive/2020/texmf-dist/tex/generic/kvdefinekeys/kvdefinekeys.sty
Package: kvdefinekeys 2019-12-19 v1.6 Define keys (HO)
) (c:/texlive/2020/texmf-dist/tex/generic/pdfescape/pdfescape.sty
Package: pdfescape 2019/12/09 v1.15 Implements pdfTeX's escape features (HO)
) (c:/texlive/2020/texmf-dist/tex/latex/hycolor/hycolor.sty
Package: hycolor 2020-01-27 v1.10 Color options for hyperref/bookmark (HO)
) (c:/texlive/2020/texmf-dist/tex/latex/letltxmacro/letltxmacro.sty
Package: letltxmacro 2019/12/03 v1.6 Let assignment for LaTeX macros (HO)
) (c:/texlive/2020/texmf-dist/tex/latex/auxhook/auxhook.sty
Package: auxhook 2019-12-17 v1.6 Hooks for auxiliary files (HO)
) (c:/texlive/2020/texmf-dist/tex/latex/kvoptions/kvoptions.sty
Package: kvoptions 2019/11/29 v3.13 Key value format for package options (HO)
)
\@linkdim=\dimen353
\Hy@linkcounter=\count341
\Hy@pagecounter=\count342
 (c:/texlive/2020/texmf-dist/tex/latex/hyperref/pd1enc.def
File: pd1enc.def 2020-05-15 v7.00e Hyperref: PDFDocEncoding definition (HO)
Now handling font encoding PD1 ...
... no UTF-8 mapping file for font encoding PD1
) (c:/texlive/2020/texmf-dist/tex/generic/intcalc/intcalc.sty
Package: intcalc 2019/12/15 v1.3 Expandable calculations with integers (HO)
) (c:/texlive/2020/texmf-dist/tex/generic/etexcmds/etexcmds.sty
Package: etexcmds 2019/12/15 v1.7 Avoid name clashes with e-TeX commands (HO)
)
\Hy@SavedSpaceFactor=\count343
Package hyperref Info: Option `colorlinks' set `true' on input line 4338.
Package hyperref Info: Hyper figures OFF on input line 4464.
Package hyperref Info: Link nesting OFF on input line 4469.
Package hyperref Info: Hyper index ON on input line 4472.
Package hyperref Info: Plain pages OFF on input line 4479.
Package hyperref Info: Backreferencing OFF on input line 4484.
Package hyperref Info: Implicit mode ON; LaTeX internals redefined.
Package hyperref Info: Bookmarks ON on input line 4717.
\c@Hy@tempcnt=\count344
LaTeX Info: Redefining \url on input line 5076.
\XeTeXLinkMargin=\dimen354
 (c:/texlive/2020/texmf-dist/tex/generic/bitset/bitset.sty
Package: bitset 2019/12/09 v1.3 Handle bit-vector datatype (HO)
 (c:/texlive/2020/texmf-dist/tex/generic/bigintcalc/bigintcalc.sty
Package: bigintcalc 2019/12/15 v1.5 Expandable calculations on big integers (HO)
))
\Fld@menulength=\count345
\Field@Width=\dimen355
\Fld@charsize=\dimen356
Package hyperref Info: Hyper figures OFF on input line 6347.
Package hyperref Info: Link nesting OFF on input line 6352.
Package hyperref Info: Hyper index ON on input line 6355.
Package hyperref Info: backreferencing OFF on input line 6362.
Package hyperref Info: Link coloring ON on input line 6365.
Package hyperref Info: Link coloring with OCG OFF on input line 6372.
Package hyperref Info: PDF/A mode OFF on input line 6377.
LaTeX Info: Redefining \ref on input line 6417.
LaTeX Info: Redefining \pageref on input line 6421.
 (c:/texlive/2020/texmf-dist/tex/generic/atbegshi/atbegshi.sty
Package: atbegshi 2019/12/05 v1.19 At begin shipout hook (HO)
)
\Hy@abspage=\count346
\c@Item=\count347
\c@Hfootnote=\count348
)
Package hyperref Info: Driver (autodetected): hpdftex.
 (c:/texlive/2020/texmf-dist/tex/latex/hyperref/hpdftex.def
File: hpdftex.def 2020-05-15 v7.00e Hyperref driver for pdfTeX
 (c:/texlive/2020/texmf-dist/tex/latex/atveryend/atveryend.sty
Package: atveryend 2019-12-11 v1.11 Hooks at the very end of document (HO)
)
\Fld@listcount=\count349
\c@bookmark@seq@number=\count350
 (c:/texlive/2020/texmf-dist/tex/latex/rerunfilecheck/rerunfilecheck.sty
Package: rerunfilecheck 2019/12/05 v1.9 Rerun checks for auxiliary files (HO)
 (c:/texlive/2020/texmf-dist/tex/generic/uniquecounter/uniquecounter.sty
Package: uniquecounter 2019/12/15 v1.4 Provide unlimited unique counter (HO)
)
Package uniquecounter Info: New unique counter `rerunfilecheck' on input line 286.
)
\Hy@SectionHShift=\skip82
) (c:/texlive/2020/texmf-dist/tex/latex/eso-pic/eso-pic.sty
Package: eso-pic 2018/04/12 v2.0h eso-pic (RN)
) (c:/texlive/2020/texmf-dist/tex/latex/titlesec/titlesec.sty
Package: titlesec 2019/10/16 v2.13 Sectioning titles
\ttl@box=\box135
\beforetitleunit=\skip83
\aftertitleunit=\skip84
\ttl@plus=\dimen357
\ttl@minus=\dimen358
\ttl@toksa=\toks53
\titlewidth=\dimen359
\titlewidthlast=\dimen360
\titlewidthfirst=\dimen361
) (c:/texlive/2020/texmf-dist/tex/latex/wallpaper/wallpaper.sty
Package: wallpaper 2005/01/18, v1.01 easy wallpaper formatting (MHFW)
\wpXoffset=\skip85
\wpYoffset=\skip86
\tileXoffset=\skip87
\tileYoffset=\skip88
\tilewidth=\skip89
\tileheight=\skip90
\tileX=\skip91
\tileY=\skip92
)
\c@teorema=\count351
\c@definicion=\count352
\c@ejercicio=\count353
\c@formulario=\count354
 (c:/texlive/2020/texmf-dist/tex/latex/titling/titling.sty
Package: titling 2009/09/04 v2.1d maketitle typesetting
\thanksmarkwidth=\skip93
\thanksmargin=\skip94
\droptitle=\skip95
) (c:/texlive/2020/texmf-dist/tex/latex/fancyhdr/fancyhdr.sty
Package: fancyhdr 2019/01/31 v3.10 Extensive control of page headers and footers
\f@nch@headwidth=\skip96
\f@nch@O@elh=\skip97
\f@nch@O@erh=\skip98
\f@nch@O@olh=\skip99
\f@nch@O@orh=\skip100
\f@nch@O@elf=\skip101
\f@nch@O@erf=\skip102
\f@nch@O@olf=\skip103
\f@nch@O@orf=\skip104
) (c:/texlive/2020/texmf-dist/tex/latex/esvect/esvect.sty
Package: esvect 
\symesvector=\mathgroup11
) (c:/texlive/2020/texmf-dist/tex/latex/forloop/forloop.sty
Package: forloop 2006/09/18 v3.0 For Loops for LaTeX
) (c:/texlive/2020/texmf-dist/tex/latex/enumitem/enumitem.sty
Package: enumitem 2019/06/20 v3.9 Customized lists
\labelindent=\skip105
\enit@outerparindent=\dimen362
\enit@toks=\toks54
\enit@inbox=\box136
\enit@count@id=\count355
\enitdp@description=\count356
) (./Estadistica_y_Procesos_Estocasticos.aux
LaTeX Info: Redefining \. on input line 24.
LaTeX Info: Redefining \% on input line 24.
LaTeX Info: Redefining \. on input line 25.
LaTeX Info: Redefining \% on input line 25.
)
\openout1 = `Estadistica_y_Procesos_Estocasticos.aux'.

LaTeX Font Info:    Checking defaults for OML/cmm/m/it on input line 194.
LaTeX Font Info:    ... okay on input line 194.
LaTeX Font Info:    Checking defaults for OMS/cmsy/m/n on input line 194.
LaTeX Font Info:    ... okay on input line 194.
LaTeX Font Info:    Checking defaults for OT1/cmr/m/n on input line 194.
LaTeX Font Info:    ... okay on input line 194.
LaTeX Font Info:    Checking defaults for T1/cmr/m/n on input line 194.
LaTeX Font Info:    ... okay on input line 194.
LaTeX Font Info:    Checking defaults for TS1/cmr/m/n on input line 194.
LaTeX Font Info:    ... okay on input line 194.
LaTeX Font Info:    Checking defaults for OMX/cmex/m/n on input line 194.
LaTeX Font Info:    ... okay on input line 194.
LaTeX Font Info:    Checking defaults for U/cmr/m/n on input line 194.
LaTeX Font Info:    ... okay on input line 194.
LaTeX Font Info:    Checking defaults for LGR/cmr/m/n on input line 194.
LaTeX Font Info:    Trying to load font information for LGR+cmr on input line 194.
 (c:/texlive/2020/texmf-dist/tex/latex/cbfonts-fd/lgrcmr.fd
File: lgrcmr.fd 2017/07/29 v1.2 Greek European Computer Regular
)
LaTeX Font Info:    ... okay on input line 194.
LaTeX Font Info:    Checking defaults for PD1/pdf/m/n on input line 194.
LaTeX Font Info:    ... okay on input line 194.
LaTeX Font Info:    Trying to load font information for OT1+lmr on input line 194.
 (c:/texlive/2020/texmf-dist/tex/latex/lm/ot1lmr.fd
File: ot1lmr.fd 2009/10/30 v1.6 Font defs for Latin Modern
)
LaTeX Info: Redefining \. on input line 194.
LaTeX Info: Redefining \% on input line 194.

babelbib: Use citation-dependent languages in bibliography
babelbib: Set bibliography fall-back language to spanish
(c:/texlive/2020/texmf-dist/tex/latex/babelbib/greek.bdf
File: greek.bdf 2019/03/11 v1.32 babelbib: multilingual bibliographies (HH)

babelbib extension \bibsgreek added to \extrasgreek
babelbib extension \btxifchangecaseoff added to \extrasgreek
) (c:/texlive/2020/texmf-dist/tex/latex/babelbib/spanish.bdf
File: spanish.bdf 2019/03/11 v1.32 babelbib: multilingual bibliographies (HH)

babelbib extension \bibsspanish added to \extrasspanish
babelbib extension \btxifchangecaseoff added to \extrasspanish
)
LaTeX Info: Redefining \. on input line 194.
LaTeX Info: Redefining \% on input line 194.
 ABD: EveryShipout initializing macros (c:/texlive/2020/texmf-dist/tex/context/base/mkii/supp-pdf.mkii
[Loading MPS to PDF converter (version 2006.09.02).]
\scratchcounter=\count357
\scratchdimen=\dimen363
\scratchbox=\box137
\nofMPsegments=\count358
\nofMParguments=\count359
\everyMPshowfont=\toks55
\MPscratchCnt=\count360
\MPscratchDim=\dimen364
\MPnumerator=\count361
\makeMPintoPDFobject=\count362
\everyMPtoPDFconversion=\toks56
) (c:/texlive/2020/texmf-dist/tex/latex/epstopdf-pkg/epstopdf-base.sty
Package: epstopdf-base 2020-01-24 v2.11 Base part for package epstopdf
Package epstopdf-base Info: Redefining graphics rule for `.eps' on input line 485.
 (c:/texlive/2020/texmf-dist/tex/latex/latexconfig/epstopdf-sys.cfg
File: epstopdf-sys.cfg 2010/07/13 v1.3 Configuration of (r)epstopdf for TeX Live
))
Package caption Info: Begin \AtBeginDocument code.
Package caption Info: hyperref package is loaded.
Package caption Info: longtable package is loaded.
 (c:/texlive/2020/texmf-dist/tex/latex/caption/ltcaption.sty
Package: ltcaption 2018/08/26 v1.4a longtable captions (AR)
)
Package caption Info: End \AtBeginDocument code.
\symgns@font=\mathgroup12
LaTeX Font Info:    Overwriting symbol font `gns@font' in version `bold'
(Font)                  TS1/lmr/m/n --> TS1/lmr/b/n on input line 194.
Package gensymb Info: Math companion symbols declared on input line 194.
LaTeX Info: Redefining \degree on input line 194.
LaTeX Info: Redefining \celsius on input line 194.
Package gensymb Info: Using text companion symbols for \degree, \celsius and \perthousand on input line 194.
LaTeX Info: Redefining \ohm on input line 194.
Package gensymb Info: Using \textohm for \ohm on input line 194.
Package gensymb Info: Using \textmu for \micro on input line 194.

*geometry* driver: auto-detecting
*geometry* detected driver: pdftex
*geometry* verbose mode - [ preamble ] result:
* driver: pdftex
* paper: a4paper
* layout: <same size as paper>
* layoutoffset:(h,v)=(0.0pt,0.0pt)
* modes: twoside 
* h-part:(L,W,R)=(99.58464pt, 398.3386pt, 99.58464pt)
* v-part:(T,H,B)=(42.67912pt, 759.6886pt, 42.67912pt)
* \paperwidth=597.50787pt
* \paperheight=845.04684pt
* \textwidth=398.3386pt
* \textheight=759.6886pt
* \oddsidemargin=27.31465pt
* \evensidemargin=27.31465pt
* \topmargin=-59.65836pt
* \headheight=27.0pt
* \headsep=18.06749pt
* \topskip=10.0pt
* \footskip=25.29494pt
* \marginparwidth=115.0pt
* \marginparsep=7.0pt
* \columnsep=10.0pt
* \skip\footins=9.0pt plus 4.0pt minus 2.0pt
* \hoffset=0.0pt
* \voffset=0.0pt
* \mag=1000
* \@twocolumnfalse
* \@twosidetrue
* \@mparswitchtrue
* \@reversemarginfalse
* (1in=72.27pt=25.4mm, 1cm=28.453pt)

(c:/texlive/2020/texmf-dist/tex/latex/translator/translator-basic-dictionary-English.dict
Dictionary: translator-basic-dictionary, Language: English 
) (c:/texlive/2020/texmf-dist/tex/latex/siunitx/siunitx-abbreviations.cfg
File: siunitx-abbreviations.cfg 2017/11/26 v2.7k siunitx: Abbreviated units
)
\AtBeginShipoutBox=\box138
Package hyperref Info: Link coloring ON on input line 194.
 (c:/texlive/2020/texmf-dist/tex/latex/hyperref/nameref.sty
Package: nameref 2019/09/16 v2.46 Cross-referencing by name of section
 (c:/texlive/2020/texmf-dist/tex/latex/refcount/refcount.sty
Package: refcount 2019/12/15 v3.6 Data extraction from label references (HO)
) (c:/texlive/2020/texmf-dist/tex/generic/gettitlestring/gettitlestring.sty
Package: gettitlestring 2019/12/15 v1.6 Cleanup title references (HO)
)
\c@section@level=\count363
)
LaTeX Info: Redefining \ref on input line 194.
LaTeX Info: Redefining \pageref on input line 194.
LaTeX Info: Redefining \nameref on input line 194.
 (./Estadistica_y_Procesos_Estocasticos.out) (./Estadistica_y_Procesos_Estocasticos.out)
\@outlinefile=\write6
\openout6 = `Estadistica_y_Procesos_Estocasticos.out'.

LaTeX Font Info:    Trying to load font information for OML+lmm on input line 194.
 (c:/texlive/2020/texmf-dist/tex/latex/lm/omllmm.fd
File: omllmm.fd 2009/10/30 v1.6 Font defs for Latin Modern
)
LaTeX Font Info:    Trying to load font information for OMS+lmsy on input line 194.
 (c:/texlive/2020/texmf-dist/tex/latex/lm/omslmsy.fd
File: omslmsy.fd 2009/10/30 v1.6 Font defs for Latin Modern
)
LaTeX Font Info:    Trying to load font information for OMX+lmex on input line 194.
 (c:/texlive/2020/texmf-dist/tex/latex/lm/omxlmex.fd
File: omxlmex.fd 2009/10/30 v1.6 Font defs for Latin Modern
)
LaTeX Font Info:    External font `lmex10' loaded for size
(Font)              <10> on input line 194.
LaTeX Font Info:    External font `lmex10' loaded for size
(Font)              <7> on input line 194.
LaTeX Font Info:    External font `lmex10' loaded for size
(Font)              <5> on input line 194.
LaTeX Font Info:    Trying to load font information for U+msa on input line 194.
 (c:/texlive/2020/texmf-dist/tex/latex/amsfonts/umsa.fd
File: umsa.fd 2013/01/14 v3.01 AMS symbols A
)
LaTeX Font Info:    Trying to load font information for U+msb on input line 194.
 (c:/texlive/2020/texmf-dist/tex/latex/amsfonts/umsb.fd
File: umsb.fd 2013/01/14 v3.01 AMS symbols B
)
LaTeX Font Info:    Trying to load font information for U+wasy on input line 194.
 (c:/texlive/2020/texmf-dist/tex/latex/wasysym/uwasy.fd
File: uwasy.fd 2020/01/19 v2.4 Wasy-2 symbol font definitions
)
LaTeX Font Info:    Trying to load font information for U+esvect on input line 194.
 (c:/texlive/2020/texmf-dist/tex/latex/esvect/uesvect.fd
File: uesvect.fd 
)
LaTeX Font Info:    Trying to load font information for TS1+lmr on input line 194.
 (c:/texlive/2020/texmf-dist/tex/latex/lm/ts1lmr.fd
File: ts1lmr.fd 2009/10/30 v1.6 Font defs for Latin Modern
)
LaTeX Font Info:    Trying to load font information for OT1+lmss on input line 194.
 (c:/texlive/2020/texmf-dist/tex/latex/lm/ot1lmss.fd
File: ot1lmss.fd 2009/10/30 v1.6 Font defs for Latin Modern
)
LaTeX Font Info:    Trying to load font information for OT1+lmtt on input line 194.
 (c:/texlive/2020/texmf-dist/tex/latex/lm/ot1lmtt.fd
File: ot1lmtt.fd 2009/10/30 v1.6 Font defs for Latin Modern
)
LaTeX Font Info:    External font `lmex10' loaded for size
(Font)              <12> on input line 201.
LaTeX Font Info:    External font `lmex10' loaded for size
(Font)              <8> on input line 201.
LaTeX Font Info:    External font `lmex10' loaded for size
(Font)              <6> on input line 201.
LaTeX Font Info:    External font `lmex10' loaded for size
(Font)              <9> on input line 201.
<Boticelli.jpg, id=197, 738.76pt x 554.07pt>
File: Boticelli.jpg Graphic file (type jpg)
<use Boticelli.jpg>
Package pdftex.def Info: Boticelli.jpg  used on input line 201.
(pdftex.def)             Requested size: 388.37334pt x 291.28001pt.
 [1


{c:/texlive/2020/texmf-var/fonts/map/pdftex/updmap/pdftex.map} <./Boticelli.jpg>]
<upm_logo.png, id=211, 398.4486pt x 185.0112pt>
File: upm_logo.png Graphic file (type png)
<use upm_logo.png>
Package pdftex.def Info: upm_logo.png  used on input line 218.
(pdftex.def)             Requested size: 258.91765pt x 120.2248pt.
<etsist_logo.png, id=213, 1652.1725pt x 2057.6875pt>
File: etsist_logo.png Graphic file (type png)
<use etsist_logo.png>
Package pdftex.def Info: etsist_logo.png  used on input line 221.
(pdftex.def)             Requested size: 99.58464pt x 124.02107pt.
 [2 <./upm_logo.png> <./etsist_logo.png>] (./Estadistica_y_Procesos_Estocasticos.toc
LaTeX Info: Redefining \. on input line 1.
LaTeX Info: Redefining \% on input line 1.
LaTeX Info: Redefining \. on input line 2.
LaTeX Info: Redefining \% on input line 2.
 [3

])
\tf@toc=\write7
\openout7 = `Estadistica_y_Procesos_Estocasticos.toc'.

LaTeX Info: Redefining \. on input line 240.
LaTeX Info: Redefining \% on input line 240.
 [4] [5

]
LaTeX Info: Redefining \. on input line 279.
LaTeX Info: Redefining \% on input line 279.
 [6

]
Cap\'{\i }tulo 1.
[7]
LaTeX Info: Redefining \. on input line 366.
LaTeX Info: Redefining \% on input line 366.
 [8]
LaTeX Info: Redefining \. on input line 406.
LaTeX Info: Redefining \% on input line 406.
 [9]
LaTeX Info: Redefining \. on input line 415.
LaTeX Info: Redefining \% on input line 415.
 [10]
Cap\'{\i }tulo 2.
[11

]
LaTeX Info: Redefining \. on input line 512.
LaTeX Info: Redefining \% on input line 512.
 [12]
LaTeX Info: Redefining \. on input line 554.
LaTeX Info: Redefining \% on input line 554.
 [13]
<aaa.png, id=364, 260.47313pt x 132.495pt>
File: aaa.png Graphic file (type png)
<use aaa.png>
Package pdftex.def Info: aaa.png  used on input line 574.
(pdftex.def)             Requested size: 159.333pt x 81.04825pt.
LaTeX Info: Redefining \. on input line 601.
LaTeX Info: Redefining \% on input line 601.
 [14 <./aaa.png>]
LaTeX Info: Redefining \. on input line 638.
LaTeX Info: Redefining \% on input line 638.
 [15]
LaTeX Info: Redefining \. on input line 638.
LaTeX Info: Redefining \% on input line 638.
 [16]
Cap\'{\i }tulo 3.
[17

]
LaTeX Info: Redefining \. on input line 660.
LaTeX Info: Redefining \% on input line 660.
 [18

]
Cap\'{\i }tulo 4.
[19]
LaTeX Info: Redefining \. on input line 673.
LaTeX Info: Redefining \% on input line 673.
 [20

]
Cap\'{\i }tulo 5.
[21]
LaTeX Info: Redefining \. on input line 731.
LaTeX Info: Redefining \% on input line 731.
 [22]
Cap\'{\i }tulo 6.
[23

]
Package atveryend Info: Empty hook `BeforeClearDocument' on input line 756.
Package atveryend Info: Empty hook `AfterLastShipout' on input line 756.
 (./Estadistica_y_Procesos_Estocasticos.aux
LaTeX Info: Redefining \. on input line 24.
LaTeX Info: Redefining \% on input line 24.
LaTeX Info: Redefining \. on input line 25.
LaTeX Info: Redefining \% on input line 25.
)
Package atveryend Info: Executing hook `AtVeryEndDocument' on input line 756.
Package atveryend Info: Executing hook `AtEndAfterFileList' on input line 756.
Package rerunfilecheck Info: File `Estadistica_y_Procesos_Estocasticos.out' has not changed.
(rerunfilecheck)             Checksum: A62C870965171E6BF813C4628995001F;4079.


LaTeX Font Warning: Size substitutions with differences
(Font)              up to 3.25pt have occurred.

 ) 
Here is how much of TeX's memory you used:
 31332 strings out of 480478
 611490 string characters out of 5903486
 967840 words of memory out of 5000000
 46586 multiletter control sequences out of 15000+600000
 702054 words of font info for 202 fonts, out of 8000000 for 9000
 1141 hyphenation exceptions out of 8191
 59i,18n,75p,959b,1247s stack positions out of 5000i,500n,10000p,200000b,80000s
pdfTeX warning (dest): name{Hfootnote.1} has been referenced but does not exist, replaced by a fixed one

{c:/texlive/2020/texmf-dist/fonts/enc/dvips/lm/lm-mathsy.enc}{c:/texlive/2020/texmf-dist/fonts/enc/dvips/lm/lm-mathit.enc}{c:/texlive/2020/texmf-dist/fonts/enc/dvips/lm/lm-rm.enc}{c:/texlive/2020/texmf-dist/fonts/enc/dvips/lm/lm-mathex.enc}{c:/texlive/2020/texmf-dist/fonts/enc/dvips/lm/lm-ts1.enc}{c:/texlive/2020/texmf-dist/fonts/enc/dvips/lm/lm-rmtt.enc}<c:/texlive/2020/texmf-dist/fonts/type1/public/lm/lmbx10.pfb><c:/texlive/2020/texmf-dist/fonts/type1/public/lm/lmbx12.pfb><c:/texlive/2020/texmf-dist/fonts/type1/public/lm/lmex10.pfb><c:/texlive/2020/texmf-dist/fonts/type1/public/lm/lmmi10.pfb><c:/texlive/2020/texmf-dist/fonts/type1/public/lm/lmmi5.pfb><c:/texlive/2020/texmf-dist/fonts/type1/public/lm/lmmi7.pfb><c:/texlive/2020/texmf-dist/fonts/type1/public/lm/lmmi8.pfb><c:/texlive/2020/texmf-dist/fonts/type1/public/lm/lmr10.pfb><c:/texlive/2020/texmf-dist/fonts/type1/public/lm/lmr12.pfb><c:/texlive/2020/texmf-dist/fonts/type1/public/lm/lmr17.pfb><c:/texlive/2020/texmf-dist/fonts/type1/public/lm/lmr5.pfb><c:/texlive/2020/texmf-dist/fonts/type1/public/lm/lmr6.pfb><c:/texlive/2020/texmf-dist/fonts/type1/public/lm/lmr7.pfb><c:/texlive/2020/texmf-dist/fonts/type1/public/lm/lmr8.pfb><c:/texlive/2020/texmf-dist/fonts/type1/public/lm/lmr9.pfb><c:/texlive/2020/texmf-dist/fonts/type1/public/lm/lmsy10.pfb><c:/texlive/2020/texmf-dist/fonts/type1/public/lm/lmsy5.pfb><c:/texlive/2020/texmf-dist/fonts/type1/public/lm/lmsy7.pfb><c:/texlive/2020/texmf-dist/fonts/type1/public/lm/lmsy8.pfb><c:/texlive/2020/texmf-dist/fonts/type1/public/lm/lmtt9.pfb><c:/texlive/2020/texmf-dist/fonts/type1/public/amsfonts/symbols/msbm10.pfb>
Output written on Estadistica_y_Procesos_Estocasticos.pdf (23 pages, 949815 bytes).
PDF statistics:
 507 PDF objects out of 1000 (max. 8388607)
 449 compressed objects within 5 object streams
 98 named destinations out of 1000 (max. 500000)
 409 words of extra memory for PDF output out of 10000 (max. 10000000)

