\BOOKMARK [1][-]{section*.2}{Introducci\363n}{}% 1
\BOOKMARK [0][-]{chapter.1}{Probabilidad}{}% 2
\BOOKMARK [1][-]{section.1.1}{Espacio probabil\355stico}{chapter.1}% 3
\BOOKMARK [1][-]{section.1.2}{Combinatoria}{chapter.1}% 4
\BOOKMARK [1][-]{section.1.3}{Probabilidad condicionada. Independencia.}{chapter.1}% 5
\BOOKMARK [0][-]{chapter.2}{Variables aleatorias}{}% 6
\BOOKMARK [1][-]{section.2.1}{Variable aleatoria discreta}{chapter.2}% 7
\BOOKMARK [2][-]{subsection.2.1.1}{Funci\363n de probabilidad}{section.2.1}% 8
\BOOKMARK [2][-]{subsection.2.1.2}{Media}{section.2.1}% 9
\BOOKMARK [2][-]{subsection.2.1.3}{Varianza y desviaci\363n t\355pica}{section.2.1}% 10
\BOOKMARK [2][-]{subsection.2.1.4}{Funci\363n de distribuci\363n}{section.2.1}% 11
\BOOKMARK [2][-]{subsection.2.1.5}{Distribuciones}{section.2.1}% 12
\BOOKMARK [1][-]{section.2.2}{Variable aleatoria continua}{chapter.2}% 13
\BOOKMARK [2][-]{subsection.2.2.1}{Media y varianza}{section.2.2}% 14
\BOOKMARK [2][-]{subsection.2.2.2}{Funci\363n de distribuci\363n}{section.2.2}% 15
\BOOKMARK [2][-]{subsection.2.2.3}{Distribuciones}{section.2.2}% 16
\BOOKMARK [1][-]{section.2.3}{Desigualdad de Chebyshev}{chapter.2}% 17
\BOOKMARK [1][-]{section.2.4}{Cuantil}{chapter.2}% 18
\BOOKMARK [1][-]{section.2.5}{Percentil}{chapter.2}% 19
\BOOKMARK [0][-]{chapter.3}{Vectores aleatorios}{}% 20
\BOOKMARK [1][-]{section.3.1}{Variable aleatoria bidimensional discreta. Funciones de distribuci\363n conjunta, marginales y condicionadas. C\341lculo de probabilidades}{chapter.3}% 21
\BOOKMARK [1][-]{section.3.2}{Variable aleatoria bidimensional continua. Funci\363n de distribuci\363n y funci\363n de densidad. C\341lculo de probabilidades}{chapter.3}% 22
\BOOKMARK [1][-]{section.3.3}{Variable aleatoria multidimensional}{chapter.3}% 23
\BOOKMARK [1][-]{section.3.4}{Variables aleatorias independientes}{chapter.3}% 24
\BOOKMARK [1][-]{section.3.5}{Vector de medias. Matriz de covarianzas}{chapter.3}% 25
\BOOKMARK [1][-]{section.3.6}{Transformaciones lineales de vectores aleatorios}{chapter.3}% 26
\BOOKMARK [1][-]{section.3.7}{Vectores aleatorios normales}{chapter.3}% 27
\BOOKMARK [1][-]{section.3.8}{Teorema central del l\355mite}{chapter.3}% 28
\BOOKMARK [0][-]{chapter.4}{Inferencia estad\355stica}{}% 29
\BOOKMARK [1][-]{section.4.1}{Estad\355stica descriptiva de una variable: momentos, cuantiles, box-plot, histograma, funci\363n de distribuci\363n emp\355rica y c\341lculo de proporciones}{chapter.4}% 30
\BOOKMARK [1][-]{section.4.2}{Muestra aleatoria. Media muestral y varianza muestral. Estimaci\363n param\351trica}{chapter.4}% 31
\BOOKMARK [1][-]{section.4.3}{Intervalos de confianza para la media y para proporciones poblacionales}{chapter.4}% 32
\BOOKMARK [1][-]{section.4.4}{Contraste de hip\363tesis. Nivel de significaci\363n y p-valor}{chapter.4}% 33
\BOOKMARK [0][-]{chapter.5}{Procesos estoc\341sticos}{}% 34
\BOOKMARK [1][-]{section.5.1}{Definici\363n de proceso estoc\341stico}{chapter.5}% 35
\BOOKMARK [1][-]{section.5.2}{Procesos estoc\341sticos en tiempo continuo}{chapter.5}% 36
\BOOKMARK [1][-]{section.5.3}{Procesos estoc\341sticos en tiempo discreto}{chapter.5}% 37
\BOOKMARK [1][-]{section.5.4}{Distribuciones de primer y segundo orden, media, autocorrelaci\363n y autocovarianza}{chapter.5}% 38
\BOOKMARK [1][-]{section.5.5}{Proceso de Bernoulli. Caminos aleatorios. Procesos normales. Proceso de Poisson}{chapter.5}% 39
\BOOKMARK [1][-]{section.5.6}{Procesos estacionarios. Densidad espectral}{chapter.5}% 40
\BOOKMARK [1][-]{section.5.7}{Sistemas lineales y procesos estoc\341sticos}{chapter.5}% 41
\BOOKMARK [0][-]{chapter.6}{Pr\341cticas con software estad\355stico}{}% 42
\BOOKMARK [1][-]{section.6.1}{Modelos de distribuci\363n de probabilidad m\341s comunes}{chapter.6}% 43
\BOOKMARK [1][-]{section.6.2}{Estad\355stica descriptiva}{chapter.6}% 44
\BOOKMARK [1][-]{section.6.3}{Muestreo. Estimaci\363n puntual}{chapter.6}% 45
\BOOKMARK [1][-]{section.6.4}{Estimaci\363n por intervalos de confianza}{chapter.6}% 46
\BOOKMARK [1][-]{section.6.5}{Contraste param\351trico}{chapter.6}% 47
